# JRE version: OpenJDK Runtime Environment (8.0_282-b08) (build 1.8.0_282-b08)
# Java VM: OpenJDK 64-Bit Server VM (25.282-b08 mixed mode windows-amd64 compressed oops)
Heap:
 PSYoungGen      total 658432K, used 605823K [0x00000000d5580000, 0x0000000100000000, 0x0000000100000000)
  eden space 623104K, 91% used [0x00000000d5580000,0x00000000f8306430,0x00000000fb600000)
  from space 35328K, 98% used [0x00000000fb600000,0x00000000fd819848,0x00000000fd880000)
  to   space 40448K, 0% used [0x00000000fd880000,0x00000000fd880000,0x0000000100000000)
 ParOldGen       total 461824K, used 343421K [0x0000000080000000, 0x000000009c300000, 0x00000000d5580000)
  object space 461824K, 74% used [0x0000000080000000,0x0000000094f5f540,0x000000009c300000)
 Metaspace       used 23829K, capacity 24120K, committed 24576K, reserved 1071104K
  class space    used 2623K, capacity 2700K, committed 2816K, reserved 1048576K
GC Heap History (206 events):
Event: 2.674 GC heap before
{Heap before GC invocations=1 (full 0):
 PSYoungGen      total 38400K, used 31311K [0x00000000d5580000, 0x00000000d8000000, 0x0000000100000000)
  eden space 33280K, 94% used [0x00000000d5580000,0x00000000d7413e40,0x00000000d7600000)
  from space 5120K, 0% used [0x00000000d7b00000,0x00000000d7b00000,0x00000000d8000000)
  to   space 5120K, 0% used [0x00000000d7600000,0x00000000d7600000,0x00000000d7b00000)
 ParOldGen       total 87552K, used 0K [0x0000000080000000, 0x0000000085580000, 0x00000000d5580000)
  object space 87552K, 0% used [0x0000000080000000,0x0000000080000000,0x0000000085580000)
 Metaspace       used 11438K, capacity 11626K, committed 11904K, reserved 1060864K
  class space    used 1247K, capacity 1316K, committed 1408K, reserved 1048576K
Event: 2.699 GC heap after
Heap after GC invocations=1 (full 0):
 PSYoungGen      total 38400K, used 2558K [0x00000000d5580000, 0x00000000d8000000, 0x0000000100000000)
  eden space 33280K, 0% used [0x00000000d5580000,0x00000000d5580000,0x00000000d7600000)
  from space 5120K, 49% used [0x00000000d7600000,0x00000000d787fa70,0x00000000d7b00000)
  to   space 5120K, 0% used [0x00000000d7b00000,0x00000000d7b00000,0x00000000d8000000)
 ParOldGen       total 87552K, used 16208K [0x0000000080000000, 0x0000000085580000, 0x00000000d5580000)
  object space 87552K, 18% used [0x0000000080000000,0x0000000080fd4010,0x0000000085580000)
 Metaspace       used 11438K, capacity 11626K, committed 11904K, reserved 1060864K
  class space    used 1247K, capacity 1316K, committed 1408K, reserved 1048576K
}
Event: 3.409 GC heap before
{Heap before GC invocations=2 (full 0):
 PSYoungGen      total 38400K, used 31042K [0x00000000d5580000, 0x00000000d8000000, 0x0000000100000000)
  eden space 33280K, 85% used [0x00000000d5580000,0x00000000d7151050,0x00000000d7600000)
  from space 5120K, 49% used [0x00000000d7600000,0x00000000d787fa70,0x00000000d7b00000)
  to   space 5120K, 0% used [0x00000000d7b00000,0x00000000d7b00000,0x00000000d8000000)
 ParOldGen       total 87552K, used 16208K [0x0000000080000000, 0x0000000085580000, 0x00000000d5580000)
  object space 87552K, 18% used [0x0000000080000000,0x0000000080fd4010,0x0000000085580000)
 Metaspace       used 11495K, capacity 11690K, committed 11904K, reserved 1060864K
  class space    used 1250K, capacity 1316K, committed 1408K, reserved 1048576K
Event: 3.428 GC heap after
Heap after GC invocations=2 (full 0):
 PSYoungGen      total 38400K, used 2687K [0x00000000d5580000, 0x00000000da080000, 0x0000000100000000)
  eden space 33280K, 0% used [0x00000000d5580000,0x00000000d5580000,0x00000000d7600000)
  from space 5120K, 52% used [0x00000000d7b00000,0x00000000d7d9ff08,0x00000000d8000000)
  to   space 5120K, 0% used [0x00000000d7600000,0x00000000d7600000,0x00000000d7b00000)
 ParOldGen       total 87552K, used 48608K [0x0000000080000000, 0x0000000085580000, 0x00000000d5580000)
  object space 87552K, 55% used [0x0000000080000000,0x0000000082f78030,0x0000000085580000)
 Metaspace       used 11495K, capacity 11690K, committed 11904K, reserved 1060864K
  class space    used 1250K, capacity 1316K, committed 1408K, reserved 1048576K
}
Event: 26.051 GC heap before
{Heap before GC invocations=3 (full 0):
 PSYoungGen      total 38400K, used 35967K [0x00000000d5580000, 0x00000000da080000, 0x0000000100000000)
  eden space 33280K, 100% used [0x00000000d5580000,0x00000000d7600000,0x00000000d7600000)
  from space 5120K, 52% used [0x00000000d7b00000,0x00000000d7d9ff08,0x00000000d8000000)
  to   space 5120K, 0% used [0x00000000d7600000,0x00000000d7600000,0x00000000d7b00000)
 ParOldGen       total 87552K, used 48608K [0x0000000080000000, 0x0000000085580000, 0x00000000d5580000)
  object space 87552K, 55% used [0x0000000080000000,0x0000000082f78030,0x0000000085580000)
 Metaspace       used 18283K, capacity 18482K, committed 18816K, reserved 1067008K
  class space    used 2075K, capacity 2162K, committed 2176K, reserved 1048576K
Event: 26.058 GC heap after
Heap after GC invocations=3 (full 0):
 PSYoungGen      total 38400K, used 5096K [0x00000000d5580000, 0x00000000da080000, 0x0000000100000000)
  eden space 33280K, 0% used [0x00000000d5580000,0x00000000d5580000,0x00000000d7600000)
  from space 5120K, 99% used [0x00000000d7600000,0x00000000d7afa318,0x00000000d7b00000)
  to   space 5120K, 0% used [0x00000000d9b80000,0x00000000d9b80000,0x00000000da080000)
 ParOldGen       total 87552K, used 49436K [0x0000000080000000, 0x0000000085580000, 0x00000000d5580000)
  object space 87552K, 56% used [0x0000000080000000,0x0000000083047280,0x0000000085580000)
 Metaspace       used 18283K, capacity 18482K, committed 18816K, reserved 1067008K
  class space    used 2075K, capacity 2162K, committed 2176K, reserved 1048576K
}
Event: 26.058 GC heap before
{Heap before GC invocations=4 (full 1):
 PSYoungGen      total 38400K, used 5096K [0x00000000d5580000, 0x00000000da080000, 0x0000000100000000)
  eden space 33280K, 0% used [0x00000000d5580000,0x00000000d5580000,0x00000000d7600000)
  from space 5120K, 99% used [0x00000000d7600000,0x00000000d7afa318,0x00000000d7b00000)
  to   space 5120K, 0% used [0x00000000d9b80000,0x00000000d9b80000,0x00000000da080000)
 ParOldGen       total 87552K, used 49436K [0x0000000080000000, 0x0000000085580000, 0x00000000d5580000)
  object space 87552K, 56% used [0x0000000080000000,0x0000000083047280,0x0000000085580000)
 Metaspace       used 18283K, capacity 18482K, committed 18816K, reserved 1067008K
  class space    used 2075K, capacity 2162K, committed 2176K, reserved 1048576K
Event: 26.089 GC heap after
Heap after GC invocations=4 (full 1):
 PSYoungGen      total 38400K, used 0K [0x00000000d5580000, 0x00000000da080000, 0x0000000100000000)
  eden space 33280K, 0% used [0x00000000d5580000,0x00000000d5580000,0x00000000d7600000)
  from space 5120K, 0% used [0x00000000d7600000,0x00000000d7600000,0x00000000d7b00000)
  to   space 5120K, 0% used [0x00000000d9b80000,0x00000000d9b80000,0x00000000da080000)
 ParOldGen       total 82944K, used 5833K [0x0000000080000000, 0x0000000085100000, 0x00000000d5580000)
  object space 82944K, 7% used [0x0000000080000000,0x00000000805b2478,0x0000000085100000)
 Metaspace       used 18283K, capacity 18482K, committed 18816K, reserved 1067008K
  class space    used 2075K, capacity 2162K, committed 2176K, reserved 1048576K
}
Event: 39.639 GC heap before
{Heap before GC invocations=5 (full 1):
 PSYoungGen      total 38400K, used 33059K [0x00000000d5580000, 0x00000000da080000, 0x0000000100000000)
  eden space 33280K, 99% used [0x00000000d5580000,0x00000000d75c8f70,0x00000000d7600000)
  from space 5120K, 0% used [0x00000000d7600000,0x00000000d7600000,0x00000000d7b00000)
  to   space 5120K, 0% used [0x00000000d9b80000,0x00000000d9b80000,0x00000000da080000)
 ParOldGen       total 82944K, used 5833K [0x0000000080000000, 0x0000000085100000, 0x00000000d5580000)
  object space 82944K, 7% used [0x0000000080000000,0x00000000805b2478,0x0000000085100000)
 Metaspace       used 21234K, capacity 21532K, committed 21760K, reserved 1069056K
  class space    used 2356K, capacity 2438K, committed 2560K, reserved 1048576K
Event: 39.647 GC heap after
Heap after GC invocations=5 (full 1):
 PSYoungGen      total 66048K, used 2727K [0x00000000d5580000, 0x00000000d9e80000, 0x0000000100000000)
  eden space 62976K, 0% used [0x00000000d5580000,0x00000000d5580000,0x00000000d9300000)
  from space 3072K, 88% used [0x00000000d9b80000,0x00000000d9e29d60,0x00000000d9e80000)
  to   space 5120K, 0% used [0x00000000d9480000,0x00000000d9480000,0x00000000d9980000)
 ParOldGen       total 82944K, used 5833K [0x0000000080000000, 0x0000000085100000, 0x00000000d5580000)
  object space 82944K, 7% used [0x0000000080000000,0x00000000805b2478,0x0000000085100000)
 Metaspace       used 21234K, capacity 21532K, committed 21760K, reserved 1069056K
  class space    used 2356K, capacity 2438K, committed 2560K, reserved 1048576K
}
Event: 40.234 GC heap before
{Heap before GC invocations=6 (full 1):
 PSYoungGen      total 66048K, used 65703K [0x00000000d5580000, 0x00000000d9e80000, 0x0000000100000000)
  eden space 62976K, 100% used [0x00000000d5580000,0x00000000d9300000,0x00000000d9300000)
  from space 3072K, 88% used [0x00000000d9b80000,0x00000000d9e29d60,0x00000000d9e80000)
  to   space 5120K, 0% used [0x00000000d9480000,0x00000000d9480000,0x00000000d9980000)
 ParOldGen       total 82944K, used 5833K [0x0000000080000000, 0x0000000085100000, 0x00000000d5580000)
  object space 82944K, 7% used [0x0000000080000000,0x00000000805b2478,0x0000000085100000)
 Metaspace       used 22197K, capacity 22466K, committed 22784K, reserved 1069056K
  class space    used 2465K, capacity 2535K, committed 2560K, reserved 1048576K
Event: 40.241 GC heap after
Heap after GC invocations=6 (full 1):
 PSYoungGen      total 69632K, used 3421K [0x00000000d5580000, 0x00000000dd500000, 0x0000000100000000)
  eden space 64512K, 0% used [0x00000000d5580000,0x00000000d5580000,0x00000000d9480000)
  from space 5120K, 66% used [0x00000000d9480000,0x00000000d97d7750,0x00000000d9980000)
  to   space 5632K, 0% used [0x00000000dcf80000,0x00000000dcf80000,0x00000000dd500000)
 ParOldGen       total 82944K, used 5841K [0x0000000080000000, 0x0000000085100000, 0x00000000d5580000)
  object space 82944K, 7% used [0x0000000080000000,0x00000000805b4478,0x0000000085100000)
 Metaspace       used 22197K, capacity 22466K, committed 22784K, reserved 1069056K
  class space    used 2465K, capacity 2535K, committed 2560K, reserved 1048576K
}
Event: 40.836 GC heap before
{Heap before GC invocations=7 (full 1):
 PSYoungGen      total 69632K, used 67933K [0x00000000d5580000, 0x00000000dd500000, 0x0000000100000000)
  eden space 64512K, 100% used [0x00000000d5580000,0x00000000d9480000,0x00000000d9480000)
  from space 5120K, 66% used [0x00000000d9480000,0x00000000d97d7750,0x00000000d9980000)
  to   space 5632K, 0% used [0x00000000dcf80000,0x00000000dcf80000,0x00000000dd500000)
 ParOldGen       total 82944K, used 5841K [0x0000000080000000, 0x0000000085100000, 0x00000000d5580000)
  object space 82944K, 7% used [0x0000000080000000,0x00000000805b4478,0x0000000085100000)
 Metaspace       used 23175K, capacity 23432K, committed 23680K, reserved 1071104K
  class space    used 2570K, capacity 2664K, committed 2688K, reserved 1048576K
Event: 40.865 GC heap after
Heap after GC invocations=7 (full 1):
 PSYoungGen      total 122368K, used 5613K [0x00000000d5580000, 0x00000000de000000, 0x0000000100000000)
  eden space 116736K, 0% used [0x00000000d5580000,0x00000000d5580000,0x00000000dc780000)
  from space 5632K, 99% used [0x00000000dcf80000,0x00000000dd4fb740,0x00000000dd500000)
  to   space 8192K, 0% used [0x00000000dc780000,0x00000000dc780000,0x00000000dcf80000)
 ParOldGen       total 82944K, used 9208K [0x0000000080000000, 0x0000000085100000, 0x00000000d5580000)
  object space 82944K, 11% used [0x0000000080000000,0x00000000808fe2e0,0x0000000085100000)
 Metaspace       used 23175K, capacity 23432K, committed 23680K, reserved 1071104K
  class space    used 2570K, capacity 2664K, committed 2688K, reserved 1048576K
}
Event: 41.067 GC heap before
{Heap before GC invocations=8 (full 1):
 PSYoungGen      total 122368K, used 122349K [0x00000000d5580000, 0x00000000de000000, 0x0000000100000000)
  eden space 116736K, 100% used [0x00000000d5580000,0x00000000dc780000,0x00000000dc780000)
  from space 5632K, 99% used [0x00000000dcf80000,0x00000000dd4fb740,0x00000000dd500000)
  to   space 8192K, 0% used [0x00000000dc780000,0x00000000dc780000,0x00000000dcf80000)
 ParOldGen       total 82944K, used 9208K [0x0000000080000000, 0x0000000085100000, 0x00000000d5580000)
  object space 82944K, 11% used [0x0000000080000000,0x00000000808fe2e0,0x0000000085100000)
 Metaspace       used 23175K, capacity 23432K, committed 23680K, reserved 1071104K
  class space    used 2570K, capacity 2664K, committed 2688K, reserved 1048576K
Event: 41.092 GC heap after
Heap after GC invocations=8 (full 1):
 PSYoungGen      total 124928K, used 8183K [0x00000000d5580000, 0x00000000e4e80000, 0x0000000100000000)
  eden space 116736K, 0% used [0x00000000d5580000,0x00000000d5580000,0x00000000dc780000)
  from space 8192K, 99% used [0x00000000dc780000,0x00000000dcf7dc58,0x00000000dcf80000)
  to   space 12288K, 0% used [0x00000000e4280000,0x00000000e4280000,0x00000000e4e80000)
 ParOldGen       total 82944K, used 14698K [0x0000000080000000, 0x0000000085100000, 0x00000000d5580000)
  object space 82944K, 17% used [0x0000000080000000,0x0000000080e5abd0,0x0000000085100000)
 Metaspace       used 23175K, capacity 23432K, committed 23680K, reserved 1071104K
  class space    used 2570K, capacity 2664K, committed 2688K, reserved 1048576K
}
Event: 41.206 GC heap before
{Heap before GC invocations=9 (full 1):
 PSYoungGen      total 124928K, used 124919K [0x00000000d5580000, 0x00000000e4e80000, 0x0000000100000000)
  eden space 116736K, 100% used [0x00000000d5580000,0x00000000dc780000,0x00000000dc780000)
  from space 8192K, 99% used [0x00000000dc780000,0x00000000dcf7dc58,0x00000000dcf80000)
  to   space 12288K, 0% used [0x00000000e4280000,0x00000000e4280000,0x00000000e4e80000)
 ParOldGen       total 82944K, used 14698K [0x0000000080000000, 0x0000000085100000, 0x00000000d5580000)
  object space 82944K, 17% used [0x0000000080000000,0x0000000080e5abd0,0x0000000085100000)
 Metaspace       used 23177K, capacity 23432K, committed 23680K, reserved 1071104K
  class space    used 2570K, capacity 2664K, committed 2688K, reserved 1048576K
Event: 41.226 GC heap after
Heap after GC invocations=9 (full 1):
 PSYoungGen      total 240640K, used 12005K [0x00000000d5580000, 0x00000000e5400000, 0x0000000100000000)
  eden space 228352K, 0% used [0x00000000d5580000,0x00000000d5580000,0x00000000e3480000)
  from space 12288K, 97% used [0x00000000e4280000,0x00000000e4e39738,0x00000000e4e80000)
  to   space 14336K, 0% used [0x00000000e3480000,0x00000000e3480000,0x00000000e4280000)
 ParOldGen       total 82944K, used 16042K [0x0000000080000000, 0x0000000085100000, 0x00000000d5580000)
  object space 82944K, 19% used [0x0000000080000000,0x0000000080faa9d0,0x0000000085100000)
 Metaspace       used 23177K, capacity 23432K, committed 23680K, reserved 1071104K
  class space    used 2570K, capacity 2664K, committed 2688K, reserved 1048576K
}
Event: 41.449 GC heap before
{Heap before GC invocations=10 (full 1):
 PSYoungGen      total 240640K, used 240357K [0x00000000d5580000, 0x00000000e5400000, 0x0000000100000000)
  eden space 228352K, 100% used [0x00000000d5580000,0x00000000e3480000,0x00000000e3480000)
  from space 12288K, 97% used [0x00000000e4280000,0x00000000e4e39738,0x00000000e4e80000)
  to   space 14336K, 0% used [0x00000000e3480000,0x00000000e3480000,0x00000000e4280000)
 ParOldGen       total 82944K, used 16042K [0x0000000080000000, 0x0000000085100000, 0x00000000d5580000)
  object space 82944K, 19% used [0x0000000080000000,0x0000000080faa9d0,0x0000000085100000)
 Metaspace       used 23177K, capacity 23432K, committed 23680K, reserved 1071104K
  class space    used 2570K, capacity 2664K, committed 2688K, reserved 1048576K
Event: 41.483 GC heap after
Heap after GC invocations=10 (full 1):
 PSYoungGen      total 242688K, used 14310K [0x00000000d5580000, 0x00000000ede00000, 0x0000000100000000)
  eden space 228352K, 0% used [0x00000000d5580000,0x00000000d5580000,0x00000000e3480000)
  from space 14336K, 99% used [0x00000000e3480000,0x00000000e42798d0,0x00000000e4280000)
  to   space 18944K, 0% used [0x00000000ecb80000,0x00000000ecb80000,0x00000000ede00000)
 ParOldGen       total 82944K, used 21284K [0x0000000080000000, 0x0000000085100000, 0x00000000d5580000)
  object space 82944K, 25% used [0x0000000080000000,0x00000000814c92c8,0x0000000085100000)
 Metaspace       used 23177K, capacity 23432K, committed 23680K, reserved 1071104K
  class space    used 2570K, capacity 2664K, committed 2688K, reserved 1048576K
}
Event: 41.597 GC heap before
{Heap before GC invocations=11 (full 1):
 PSYoungGen      total 242688K, used 242662K [0x00000000d5580000, 0x00000000ede00000, 0x0000000100000000)
  eden space 228352K, 100% used [0x00000000d5580000,0x00000000e3480000,0x00000000e3480000)
  from space 14336K, 99% used [0x00000000e3480000,0x00000000e42798d0,0x00000000e4280000)
  to   space 18944K, 0% used [0x00000000ecb80000,0x00000000ecb80000,0x00000000ede00000)
 ParOldGen       total 82944K, used 21284K [0x0000000080000000, 0x0000000085100000, 0x00000000d5580000)
  object space 82944K, 25% used [0x0000000080000000,0x00000000814c92c8,0x0000000085100000)
 Metaspace       used 23184K, capacity 23432K, committed 23680K, reserved 1071104K
  class space    used 2570K, capacity 2664K, committed 2688K, reserved 1048576K
Event: 41.649 GC heap after
Heap after GC invocations=11 (full 1):
 PSYoungGen      total 381952K, used 13794K [0x00000000d5580000, 0x00000000ee080000, 0x0000000100000000)
  eden space 363008K, 0% used [0x00000000d5580000,0x00000000d5580000,0x00000000eb800000)
  from space 18944K, 72% used [0x00000000ecb80000,0x00000000ed8f8bd8,0x00000000ede00000)
  to   space 19968K, 0% used [0x00000000eb800000,0x00000000eb800000,0x00000000ecb80000)
 ParOldGen       total 82944K, used 27748K [0x0000000080000000, 0x0000000085100000, 0x00000000d5580000)
  object space 82944K, 33% used [0x0000000080000000,0x0000000081b192c8,0x0000000085100000)
 Metaspace       used 23184K, capacity 23432K, committed 23680K, reserved 1071104K
  class space    used 2570K, capacity 2664K, committed 2688K, reserved 1048576K
}
Event: 41.888 GC heap before
{Heap before GC invocations=12 (full 1):
 PSYoungGen      total 381952K, used 376802K [0x00000000d5580000, 0x00000000ee080000, 0x0000000100000000)
  eden space 363008K, 100% used [0x00000000d5580000,0x00000000eb800000,0x00000000eb800000)
  from space 18944K, 72% used [0x00000000ecb80000,0x00000000ed8f8bd8,0x00000000ede00000)
  to   space 19968K, 0% used [0x00000000eb800000,0x00000000eb800000,0x00000000ecb80000)
 ParOldGen       total 82944K, used 27748K [0x0000000080000000, 0x0000000085100000, 0x00000000d5580000)
  object space 82944K, 33% used [0x0000000080000000,0x0000000081b192c8,0x0000000085100000)
 Metaspace       used 23185K, capacity 23496K, committed 23680K, reserved 1071104K
  class space    used 2570K, capacity 2664K, committed 2688K, reserved 1048576K
Event: 41.940 GC heap after
Heap after GC invocations=12 (full 1):
 PSYoungGen      total 382976K, used 8056K [0x00000000d5580000, 0x00000000fb080000, 0x0000000100000000)
  eden space 363008K, 0% used [0x00000000d5580000,0x00000000d5580000,0x00000000eb800000)
  from space 19968K, 40% used [0x00000000eb800000,0x00000000ebfde080,0x00000000ecb80000)
  to   space 18944K, 0% used [0x00000000f9e00000,0x00000000f9e00000,0x00000000fb080000)
 ParOldGen       total 82944K, used 41248K [0x0000000080000000, 0x0000000085100000, 0x00000000d5580000)
  object space 82944K, 49% used [0x0000000080000000,0x0000000082848170,0x0000000085100000)
 Metaspace       used 23185K, capacity 23496K, committed 23680K, reserved 1071104K
  class space    used 2570K, capacity 2664K, committed 2688K, reserved 1048576K
}
Event: 42.058 GC heap before
{Heap before GC invocations=13 (full 1):
 PSYoungGen      total 382976K, used 371064K [0x00000000d5580000, 0x00000000fb080000, 0x0000000100000000)
  eden space 363008K, 100% used [0x00000000d5580000,0x00000000eb800000,0x00000000eb800000)
  from space 19968K, 40% used [0x00000000eb800000,0x00000000ebfde080,0x00000000ecb80000)
  to   space 18944K, 0% used [0x00000000f9e00000,0x00000000f9e00000,0x00000000fb080000)
 ParOldGen       total 82944K, used 41248K [0x0000000080000000, 0x0000000085100000, 0x00000000d5580000)
  object space 82944K, 49% used [0x0000000080000000,0x0000000082848170,0x0000000085100000)
 Metaspace       used 23185K, capacity 23496K, committed 23680K, reserved 1071104K
  class space    used 2570K, capacity 2664K, committed 2688K, reserved 1048576K
Event: 42.076 GC heap after
Heap after GC invocations=13 (full 1):
 PSYoungGen      total 597504K, used 6566K [0x00000000d5580000, 0x00000000faf80000, 0x0000000100000000)
  eden space 579584K, 0% used [0x00000000d5580000,0x00000000d5580000,0x00000000f8b80000)
  from space 17920K, 36% used [0x00000000f9e00000,0x00000000fa469990,0x00000000faf80000)
  to   space 18432K, 0% used [0x00000000f8b80000,0x00000000f8b80000,0x00000000f9d80000)
 ParOldGen       total 82944K, used 49220K [0x0000000080000000, 0x0000000085100000, 0x00000000d5580000)
  object space 82944K, 59% used [0x0000000080000000,0x00000000830110a0,0x0000000085100000)
 Metaspace       used 23185K, capacity 23496K, committed 23680K, reserved 1071104K
  class space    used 2570K, capacity 2664K, committed 2688K, reserved 1048576K
}
Event: 42.475 GC heap before
{Heap before GC invocations=14 (full 1):
 PSYoungGen      total 597504K, used 586150K [0x00000000d5580000, 0x00000000faf80000, 0x0000000100000000)
  eden space 579584K, 100% used [0x00000000d5580000,0x00000000f8b80000,0x00000000f8b80000)
  from space 17920K, 36% used [0x00000000f9e00000,0x00000000fa469990,0x00000000faf80000)
  to   space 18432K, 0% used [0x00000000f8b80000,0x00000000f8b80000,0x00000000f9d80000)
 ParOldGen       total 82944K, used 49220K [0x0000000080000000, 0x0000000085100000, 0x00000000d5580000)
  object space 82944K, 59% used [0x0000000080000000,0x00000000830110a0,0x0000000085100000)
 Metaspace       used 23185K, capacity 23496K, committed 23680K, reserved 1071104K
  class space    used 2570K, capacity 2664K, committed 2688K, reserved 1048576K
Event: 42.504 GC heap after
Heap after GC invocations=14 (full 1):
 PSYoungGen      total 598016K, used 9309K [0x00000000d5580000, 0x00000000fff80000, 0x0000000100000000)
  eden space 579584K, 0% used [0x00000000d5580000,0x00000000d5580000,0x00000000f8b80000)
  from space 18432K, 50% used [0x00000000f8b80000,0x00000000f9497708,0x00000000f9d80000)
  to   space 17920K, 0% used [0x00000000fee00000,0x00000000fee00000,0x00000000fff80000)
 ParOldGen       total 82944K, used 55716K [0x0000000080000000, 0x0000000085100000, 0x00000000d5580000)
  object space 82944K, 67% used [0x0000000080000000,0x00000000836690b0,0x0000000085100000)
 Metaspace       used 23185K, capacity 23496K, committed 23680K, reserved 1071104K
  class space    used 2570K, capacity 2664K, committed 2688K, reserved 1048576K
}
Event: 42.662 GC heap before
{Heap before GC invocations=15 (full 1):
 PSYoungGen      total 598016K, used 588893K [0x00000000d5580000, 0x00000000fff80000, 0x0000000100000000)
  eden space 579584K, 100% used [0x00000000d5580000,0x00000000f8b80000,0x00000000f8b80000)
  from space 18432K, 50% used [0x00000000f8b80000,0x00000000f9497708,0x00000000f9d80000)
  to   space 17920K, 0% used [0x00000000fee00000,0x00000000fee00000,0x00000000fff80000)
 ParOldGen       total 82944K, used 55716K [0x0000000080000000, 0x0000000085100000, 0x00000000d5580000)
  object space 82944K, 67% used [0x0000000080000000,0x00000000836690b0,0x0000000085100000)
 Metaspace       used 23185K, capacity 23496K, committed 23680K, reserved 1071104K
  class space    used 2570K, capacity 2664K, committed 2688K, reserved 1048576K
Event: 42.694 GC heap after
Heap after GC invocations=15 (full 1):
 PSYoungGen      total 678400K, used 7808K [0x00000000d5580000, 0x00000000ffd80000, 0x0000000100000000)
  eden space 662528K, 0% used [0x00000000d5580000,0x00000000d5580000,0x00000000fdc80000)
  from space 15872K, 49% used [0x00000000fee00000,0x00000000ff5a0050,0x00000000ffd80000)
  to   space 16896K, 0% used [0x00000000fdc80000,0x00000000fdc80000,0x00000000fed00000)
 ParOldGen       total 82944K, used 64965K [0x0000000080000000, 0x0000000085100000, 0x00000000d5580000)
  object space 82944K, 78% used [0x0000000080000000,0x0000000083f71728,0x0000000085100000)
 Metaspace       used 23185K, capacity 23496K, committed 23680K, reserved 1071104K
  class space    used 2570K, capacity 2664K, committed 2688K, reserved 1048576K
}
Event: 42.694 GC heap before
{Heap before GC invocations=16 (full 2):
 PSYoungGen      total 678400K, used 7808K [0x00000000d5580000, 0x00000000ffd80000, 0x0000000100000000)
  eden space 662528K, 0% used [0x00000000d5580000,0x00000000d5580000,0x00000000fdc80000)
  from space 15872K, 49% used [0x00000000fee00000,0x00000000ff5a0050,0x00000000ffd80000)
  to   space 16896K, 0% used [0x00000000fdc80000,0x00000000fdc80000,0x00000000fed00000)
 ParOldGen       total 82944K, used 64965K [0x0000000080000000, 0x0000000085100000, 0x00000000d5580000)
  object space 82944K, 78% used [0x0000000080000000,0x0000000083f71728,0x0000000085100000)
 Metaspace       used 23185K, capacity 23496K, committed 23680K, reserved 1071104K
  class space    used 2570K, capacity 2664K, committed 2688K, reserved 1048576K
Event: 43.152 GC heap after
Heap after GC invocations=16 (full 2):
 PSYoungGen      total 678400K, used 0K [0x00000000d5580000, 0x00000000ffd80000, 0x0000000100000000)
  eden space 662528K, 0% used [0x00000000d5580000,0x00000000d5580000,0x00000000fdc80000)
  from space 15872K, 0% used [0x00000000fee00000,0x00000000fee00000,0x00000000ffd80000)
  to   space 16896K, 0% used [0x00000000fdc80000,0x00000000fdc80000,0x00000000fed00000)
 ParOldGen       total 133120K, used 71130K [0x0000000080000000, 0x0000000088200000, 0x00000000d5580000)
  object space 133120K, 53% used [0x0000000080000000,0x0000000084576bc0,0x0000000088200000)
 Metaspace       used 23185K, capacity 23496K, committed 23680K, reserved 1071104K
  class space    used 2570K, capacity 2664K, committed 2688K, reserved 1048576K
}
Event: 43.422 GC heap before
{Heap before GC invocations=17 (full 2):
 PSYoungGen      total 678400K, used 662528K [0x00000000d5580000, 0x00000000ffd80000, 0x0000000100000000)
  eden space 662528K, 100% used [0x00000000d5580000,0x00000000fdc80000,0x00000000fdc80000)
  from space 15872K, 0% used [0x00000000fee00000,0x00000000fee00000,0x00000000ffd80000)
  to   space 16896K, 0% used [0x00000000fdc80000,0x00000000fdc80000,0x00000000fed00000)
 ParOldGen       total 133120K, used 71130K [0x0000000080000000, 0x0000000088200000, 0x00000000d5580000)
  object space 133120K, 53% used [0x0000000080000000,0x0000000084576bc0,0x0000000088200000)
 Metaspace       used 23187K, capacity 23496K, committed 23680K, reserved 1071104K
  class space    used 2570K, capacity 2664K, committed 2688K, reserved 1048576K
Event: 43.449 GC heap after
Heap after GC invocations=17 (full 2):
 PSYoungGen      total 679424K, used 7580K [0x00000000d5580000, 0x0000000100000000, 0x0000000100000000)
  eden space 662528K, 0% used [0x00000000d5580000,0x00000000d5580000,0x00000000fdc80000)
  from space 16896K, 44% used [0x00000000fdc80000,0x00000000fe3e7030,0x00000000fed00000)
  to   space 16384K, 0% used [0x00000000ff000000,0x00000000ff000000,0x0000000100000000)
 ParOldGen       total 133120K, used 71130K [0x0000000080000000, 0x0000000088200000, 0x00000000d5580000)
  object space 133120K, 53% used [0x0000000080000000,0x0000000084576bc0,0x0000000088200000)
 Metaspace       used 23187K, capacity 23496K, committed 23680K, reserved 1071104K
  class space    used 2570K, capacity 2664K, committed 2688K, reserved 1048576K
}
Event: 43.626 GC heap before
{Heap before GC invocations=18 (full 2):
 PSYoungGen      total 679424K, used 670108K [0x00000000d5580000, 0x0000000100000000, 0x0000000100000000)
  eden space 662528K, 100% used [0x00000000d5580000,0x00000000fdc80000,0x00000000fdc80000)
  from space 16896K, 44% used [0x00000000fdc80000,0x00000000fe3e7030,0x00000000fed00000)
  to   space 16384K, 0% used [0x00000000ff000000,0x00000000ff000000,0x0000000100000000)
 ParOldGen       total 133120K, used 71130K [0x0000000080000000, 0x0000000088200000, 0x00000000d5580000)
  object space 133120K, 53% used [0x0000000080000000,0x0000000084576bc0,0x0000000088200000)
 Metaspace       used 23187K, capacity 23496K, committed 23680K, reserved 1071104K
  class space    used 2570K, capacity 2664K, committed 2688K, reserved 1048576K
Event: 43.656 GC heap after
Heap after GC invocations=18 (full 2):
 PSYoungGen      total 679424K, used 6902K [0x00000000d5580000, 0x00000000ffd80000, 0x0000000100000000)
  eden space 665600K, 0% used [0x00000000d5580000,0x00000000d5580000,0x00000000fdf80000)
  from space 13824K, 49% used [0x00000000ff000000,0x00000000ff6bdbb0,0x00000000ffd80000)
  to   space 15360K, 0% used [0x00000000fdf80000,0x00000000fdf80000,0x00000000fee80000)
 ParOldGen       total 133120K, used 78627K [0x0000000080000000, 0x0000000088200000, 0x00000000d5580000)
  object space 133120K, 59% used [0x0000000080000000,0x0000000084cc8c00,0x0000000088200000)
 Metaspace       used 23187K, capacity 23496K, committed 23680K, reserved 1071104K
  class space    used 2570K, capacity 2664K, committed 2688K, reserved 1048576K
}
Event: 43.850 GC heap before
{Heap before GC invocations=19 (full 2):
 PSYoungGen      total 679424K, used 672502K [0x00000000d5580000, 0x00000000ffd80000, 0x0000000100000000)
  eden space 665600K, 100% used [0x00000000d5580000,0x00000000fdf80000,0x00000000fdf80000)
  from space 13824K, 49% used [0x00000000ff000000,0x00000000ff6bdbb0,0x00000000ffd80000)
  to   space 15360K, 0% used [0x00000000fdf80000,0x00000000fdf80000,0x00000000fee80000)
 ParOldGen       total 133120K, used 78627K [0x0000000080000000, 0x0000000088200000, 0x00000000d5580000)
  object space 133120K, 59% used [0x0000000080000000,0x0000000084cc8c00,0x0000000088200000)
 Metaspace       used 23187K, capacity 23496K, committed 23680K, reserved 1071104K
  class space    used 2570K, capacity 2664K, committed 2688K, reserved 1048576K
Event: 43.894 GC heap after
Heap after GC invocations=19 (full 2):
 PSYoungGen      total 680960K, used 7519K [0x00000000d5580000, 0x0000000100000000, 0x0000000100000000)
  eden space 665600K, 0% used [0x00000000d5580000,0x00000000d5580000,0x00000000fdf80000)
  from space 15360K, 48% used [0x00000000fdf80000,0x00000000fe6d7db0,0x00000000fee80000)
  to   space 14848K, 0% used [0x00000000ff180000,0x00000000ff180000,0x0000000100000000)
 ParOldGen       total 133120K, used 85395K [0x0000000080000000, 0x0000000088200000, 0x00000000d5580000)
  object space 133120K, 64% used [0x0000000080000000,0x0000000085364c00,0x0000000088200000)
 Metaspace       used 23187K, capacity 23496K, committed 23680K, reserved 1071104K
  class space    used 2570K, capacity 2664K, committed 2688K, reserved 1048576K
}
Event: 44.077 GC heap before
{Heap before GC invocations=20 (full 2):
 PSYoungGen      total 680960K, used 673119K [0x00000000d5580000, 0x0000000100000000, 0x0000000100000000)
  eden space 665600K, 100% used [0x00000000d5580000,0x00000000fdf80000,0x00000000fdf80000)
  from space 15360K, 48% used [0x00000000fdf80000,0x00000000fe6d7db0,0x00000000fee80000)
  to   space 14848K, 0% used [0x00000000ff180000,0x00000000ff180000,0x0000000100000000)
 ParOldGen       total 133120K, used 85395K [0x0000000080000000, 0x0000000088200000, 0x00000000d5580000)
  object space 133120K, 64% used [0x0000000080000000,0x0000000085364c00,0x0000000088200000)
 Metaspace       used 23187K, capacity 23496K, committed 23680K, reserved 1071104K
  class space    used 2570K, capacity 2664K, committed 2688K, reserved 1048576K
Event: 44.119 GC heap after
Heap after GC invocations=20 (full 2):
 PSYoungGen      total 683008K, used 5967K [0x00000000d5580000, 0x00000000fff80000, 0x0000000100000000)
  eden space 668672K, 0% used [0x00000000d5580000,0x00000000d5580000,0x00000000fe280000)
  from space 14336K, 41% used [0x00000000ff180000,0x00000000ff753e60,0x00000000fff80000)
  to   space 14848K, 0% used [0x00000000fe280000,0x00000000fe280000,0x00000000ff100000)
 ParOldGen       total 133120K, used 92809K [0x0000000080000000, 0x0000000088200000, 0x00000000d5580000)
  object space 133120K, 69% used [0x0000000080000000,0x0000000085aa25b0,0x0000000088200000)
 Metaspace       used 23187K, capacity 23496K, committed 23680K, reserved 1071104K
  class space    used 2570K, capacity 2664K, committed 2688K, reserved 1048576K
}
Event: 44.346 GC heap before
{Heap before GC invocations=21 (full 2):
 PSYoungGen      total 683008K, used 674639K [0x00000000d5580000, 0x00000000fff80000, 0x0000000100000000)
  eden space 668672K, 100% used [0x00000000d5580000,0x00000000fe280000,0x00000000fe280000)
  from space 14336K, 41% used [0x00000000ff180000,0x00000000ff753e60,0x00000000fff80000)
  to   space 14848K, 0% used [0x00000000fe280000,0x00000000fe280000,0x00000000ff100000)
 ParOldGen       total 133120K, used 92809K [0x0000000080000000, 0x0000000088200000, 0x00000000d5580000)
  object space 133120K, 69% used [0x0000000080000000,0x0000000085aa25b0,0x0000000088200000)
 Metaspace       used 23187K, capacity 23496K, committed 23680K, reserved 1071104K
  class space    used 2570K, capacity 2664K, committed 2688K, reserved 1048576K
Event: 44.366 GC heap after
Heap after GC invocations=21 (full 2):
 PSYoungGen      total 683520K, used 5724K [0x00000000d5580000, 0x00000000fff80000, 0x0000000100000000)
  eden space 668672K, 0% used [0x00000000d5580000,0x00000000d5580000,0x00000000fe280000)
  from space 14848K, 38% used [0x00000000fe280000,0x00000000fe817360,0x00000000ff100000)
  to   space 14336K, 0% used [0x00000000ff180000,0x00000000ff180000,0x00000000fff80000)
 ParOldGen       total 133120K, used 98601K [0x0000000080000000, 0x0000000088200000, 0x00000000d5580000)
  object space 133120K, 74% used [0x0000000080000000,0x000000008604a5b0,0x0000000088200000)
 Metaspace       used 23187K, capacity 23496K, committed 23680K, reserved 1071104K
  class space    used 2570K, capacity 2664K, committed 2688K, reserved 1048576K
}
Event: 44.536 GC heap before
{Heap before GC invocations=22 (full 2):
 PSYoungGen      total 683520K, used 674396K [0x00000000d5580000, 0x00000000fff80000, 0x0000000100000000)
  eden space 668672K, 100% used [0x00000000d5580000,0x00000000fe280000,0x00000000fe280000)
  from space 14848K, 38% used [0x00000000fe280000,0x00000000fe817360,0x00000000ff100000)
  to   space 14336K, 0% used [0x00000000ff180000,0x00000000ff180000,0x00000000fff80000)
 ParOldGen       total 133120K, used 98601K [0x0000000080000000, 0x0000000088200000, 0x00000000d5580000)
  object space 133120K, 74% used [0x0000000080000000,0x000000008604a5b0,0x0000000088200000)
 Metaspace       used 23187K, capacity 23496K, committed 23680K, reserved 1071104K
  class space    used 2570K, capacity 2664K, committed 2688K, reserved 1048576K
Event: 44.552 GC heap after
Heap after GC invocations=22 (full 2):
 PSYoungGen      total 684032K, used 5371K [0x00000000d5580000, 0x00000000fff80000, 0x0000000100000000)
  eden space 669696K, 0% used [0x00000000d5580000,0x00000000d5580000,0x00000000fe380000)
  from space 14336K, 37% used [0x00000000ff180000,0x00000000ff6bee40,0x00000000fff80000)
  to   space 14336K, 0% used [0x00000000fe380000,0x00000000fe380000,0x00000000ff180000)
 ParOldGen       total 133120K, used 104097K [0x0000000080000000, 0x0000000088200000, 0x00000000d5580000)
  object space 133120K, 78% used [0x0000000080000000,0x00000000865a85b0,0x0000000088200000)
 Metaspace       used 23187K, capacity 23496K, committed 23680K, reserved 1071104K
  class space    used 2570K, capacity 2664K, committed 2688K, reserved 1048576K
}
Event: 44.709 GC heap before
{Heap before GC invocations=23 (full 2):
 PSYoungGen      total 684032K, used 675067K [0x00000000d5580000, 0x00000000fff80000, 0x0000000100000000)
  eden space 669696K, 100% used [0x00000000d5580000,0x00000000fe380000,0x00000000fe380000)
  from space 14336K, 37% used [0x00000000ff180000,0x00000000ff6bee40,0x00000000fff80000)
  to   space 14336K, 0% used [0x00000000fe380000,0x00000000fe380000,0x00000000ff180000)
 ParOldGen       total 133120K, used 104097K [0x0000000080000000, 0x0000000088200000, 0x00000000d5580000)
  object space 133120K, 78% used [0x0000000080000000,0x00000000865a85b0,0x0000000088200000)
 Metaspace       used 23187K, capacity 23496K, committed 23680K, reserved 1071104K
  class space    used 2570K, capacity 2664K, committed 2688K, reserved 1048576K
Event: 44.725 GC heap after
Heap after GC invocations=23 (full 2):
 PSYoungGen      total 684032K, used 5237K [0x00000000d5580000, 0x00000000fff00000, 0x0000000100000000)
  eden space 669696K, 0% used [0x00000000d5580000,0x00000000d5580000,0x00000000fe380000)
  from space 14336K, 36% used [0x00000000fe380000,0x00000000fe89d520,0x00000000ff180000)
  to   space 13824K, 0% used [0x00000000ff180000,0x00000000ff180000,0x00000000fff00000)
 ParOldGen       total 133120K, used 109337K [0x0000000080000000, 0x0000000088200000, 0x00000000d5580000)
  object space 133120K, 82% used [0x0000000080000000,0x0000000086ac65b0,0x0000000088200000)
 Metaspace       used 23187K, capacity 23496K, committed 23680K, reserved 1071104K
  class space    used 2570K, capacity 2664K, committed 2688K, reserved 1048576K
}
Event: 44.880 GC heap before
{Heap before GC invocations=24 (full 2):
 PSYoungGen      total 684032K, used 674933K [0x00000000d5580000, 0x00000000fff00000, 0x0000000100000000)
  eden space 669696K, 100% used [0x00000000d5580000,0x00000000fe380000,0x00000000fe380000)
  from space 14336K, 36% used [0x00000000fe380000,0x00000000fe89d520,0x00000000ff180000)
  to   space 13824K, 0% used [0x00000000ff180000,0x00000000ff180000,0x00000000fff00000)
 ParOldGen       total 133120K, used 109337K [0x0000000080000000, 0x0000000088200000, 0x00000000d5580000)
  object space 133120K, 82% used [0x0000000080000000,0x0000000086ac65b0,0x0000000088200000)
 Metaspace       used 23187K, capacity 23496K, committed 23680K, reserved 1071104K
  class space    used 2570K, capacity 2664K, committed 2688K, reserved 1048576K
Event: 44.895 GC heap after
Heap after GC invocations=24 (full 2):
 PSYoungGen      total 684032K, used 5056K [0x00000000d5580000, 0x00000000ffe80000, 0x0000000100000000)
  eden space 670720K, 0% used [0x00000000d5580000,0x00000000d5580000,0x00000000fe480000)
  from space 13312K, 37% used [0x00000000ff180000,0x00000000ff6702a0,0x00000000ffe80000)
  to   space 13312K, 0% used [0x00000000fe480000,0x00000000fe480000,0x00000000ff180000)
 ParOldGen       total 133120K, used 114353K [0x0000000080000000, 0x0000000088200000, 0x00000000d5580000)
  object space 133120K, 85% used [0x0000000080000000,0x0000000086fac5b0,0x0000000088200000)
 Metaspace       used 23187K, capacity 23496K, committed 23680K, reserved 1071104K
  class space    used 2570K, capacity 2664K, committed 2688K, reserved 1048576K
}
Event: 45.056 GC heap before
{Heap before GC invocations=25 (full 2):
 PSYoungGen      total 684032K, used 675776K [0x00000000d5580000, 0x00000000ffe80000, 0x0000000100000000)
  eden space 670720K, 100% used [0x00000000d5580000,0x00000000fe480000,0x00000000fe480000)
  from space 13312K, 37% used [0x00000000ff180000,0x00000000ff6702a0,0x00000000ffe80000)
  to   space 13312K, 0% used [0x00000000fe480000,0x00000000fe480000,0x00000000ff180000)
 ParOldGen       total 133120K, used 114353K [0x0000000080000000, 0x0000000088200000, 0x00000000d5580000)
  object space 133120K, 85% used [0x0000000080000000,0x0000000086fac5b0,0x0000000088200000)
 Metaspace       used 23187K, capacity 23496K, committed 23680K, reserved 1071104K
  class space    used 2570K, capacity 2664K, committed 2688K, reserved 1048576K
Event: 45.071 GC heap after
Heap after GC invocations=25 (full 2):
 PSYoungGen      total 684032K, used 4882K [0x00000000d5580000, 0x0000000100000000, 0x0000000100000000)
  eden space 670720K, 0% used [0x00000000d5580000,0x00000000d5580000,0x00000000fe480000)
  from space 13312K, 36% used [0x00000000fe480000,0x00000000fe944970,0x00000000ff180000)
  to   space 13312K, 0% used [0x00000000ff300000,0x00000000ff300000,0x0000000100000000)
 ParOldGen       total 133120K, used 119153K [0x0000000080000000, 0x0000000088200000, 0x00000000d5580000)
  object space 133120K, 89% used [0x0000000080000000,0x000000008745c5b0,0x0000000088200000)
 Metaspace       used 23187K, capacity 23496K, committed 23680K, reserved 1071104K
  class space    used 2570K, capacity 2664K, committed 2688K, reserved 1048576K
}
Event: 45.071 GC heap before
{Heap before GC invocations=26 (full 3):
 PSYoungGen      total 684032K, used 4882K [0x00000000d5580000, 0x0000000100000000, 0x0000000100000000)
  eden space 670720K, 0% used [0x00000000d5580000,0x00000000d5580000,0x00000000fe480000)
  from space 13312K, 36% used [0x00000000fe480000,0x00000000fe944970,0x00000000ff180000)
  to   space 13312K, 0% used [0x00000000ff300000,0x00000000ff300000,0x0000000100000000)
 ParOldGen       total 133120K, used 119153K [0x0000000080000000, 0x0000000088200000, 0x00000000d5580000)
  object space 133120K, 89% used [0x0000000080000000,0x000000008745c5b0,0x0000000088200000)
 Metaspace       used 23187K, capacity 23496K, committed 23680K, reserved 1071104K
  class space    used 2570K, capacity 2664K, committed 2688K, reserved 1048576K
Event: 45.503 GC heap after
Heap after GC invocations=26 (full 3):
 PSYoungGen      total 684032K, used 0K [0x00000000d5580000, 0x0000000100000000, 0x0000000100000000)
  eden space 670720K, 0% used [0x00000000d5580000,0x00000000d5580000,0x00000000fe480000)
  from space 13312K, 0% used [0x00000000fe480000,0x00000000fe480000,0x00000000ff180000)
  to   space 13312K, 0% used [0x00000000ff300000,0x00000000ff300000,0x0000000100000000)
 ParOldGen       total 187392K, used 122622K [0x0000000080000000, 0x000000008b700000, 0x00000000d5580000)
  object space 187392K, 65% used [0x0000000080000000,0x00000000877bfa48,0x000000008b700000)
 Metaspace       used 23187K, capacity 23496K, committed 23680K, reserved 1071104K
  class space    used 2570K, capacity 2664K, committed 2688K, reserved 1048576K
}
Event: 45.663 GC heap before
{Heap before GC invocations=27 (full 3):
 PSYoungGen      total 684032K, used 670720K [0x00000000d5580000, 0x0000000100000000, 0x0000000100000000)
  eden space 670720K, 100% used [0x00000000d5580000,0x00000000fe480000,0x00000000fe480000)
  from space 13312K, 0% used [0x00000000fe480000,0x00000000fe480000,0x00000000ff180000)
  to   space 13312K, 0% used [0x00000000ff300000,0x00000000ff300000,0x0000000100000000)
 ParOldGen       total 187392K, used 122622K [0x0000000080000000, 0x000000008b700000, 0x00000000d5580000)
  object space 187392K, 65% used [0x0000000080000000,0x00000000877bfa48,0x000000008b700000)
 Metaspace       used 23187K, capacity 23496K, committed 23680K, reserved 1071104K
  class space    used 2570K, capacity 2664K, committed 2688K, reserved 1048576K
Event: 45.672 GC heap after
Heap after GC invocations=27 (full 3):
 PSYoungGen      total 684544K, used 6211K [0x00000000d5580000, 0x00000000fff00000, 0x0000000100000000)
  eden space 672256K, 0% used [0x00000000d5580000,0x00000000d5580000,0x00000000fe600000)
  from space 12288K, 50% used [0x00000000ff300000,0x00000000ff910e38,0x00000000fff00000)
  to   space 12800K, 0% used [0x00000000fe600000,0x00000000fe600000,0x00000000ff280000)
 ParOldGen       total 187392K, used 122622K [0x0000000080000000, 0x000000008b700000, 0x00000000d5580000)
  object space 187392K, 65% used [0x0000000080000000,0x00000000877bfa48,0x000000008b700000)
 Metaspace       used 23187K, capacity 23496K, committed 23680K, reserved 1071104K
  class space    used 2570K, capacity 2664K, committed 2688K, reserved 1048576K
}
Event: 45.839 GC heap before
{Heap before GC invocations=28 (full 3):
 PSYoungGen      total 684544K, used 678467K [0x00000000d5580000, 0x00000000fff00000, 0x0000000100000000)
  eden space 672256K, 100% used [0x00000000d5580000,0x00000000fe600000,0x00000000fe600000)
  from space 12288K, 50% used [0x00000000ff300000,0x00000000ff910e38,0x00000000fff00000)
  to   space 12800K, 0% used [0x00000000fe600000,0x00000000fe600000,0x00000000ff280000)
 ParOldGen       total 187392K, used 122622K [0x0000000080000000, 0x000000008b700000, 0x00000000d5580000)
  object space 187392K, 65% used [0x0000000080000000,0x00000000877bfa48,0x000000008b700000)
 Metaspace       used 23187K, capacity 23496K, committed 23680K, reserved 1071104K
  class space    used 2570K, capacity 2664K, committed 2688K, reserved 1048576K
Event: 45.854 GC heap after
Heap after GC invocations=28 (full 3):
 PSYoungGen      total 685056K, used 5216K [0x00000000d5580000, 0x00000000fff80000, 0x0000000100000000)
  eden space 672256K, 0% used [0x00000000d5580000,0x00000000d5580000,0x00000000fe600000)
  from space 12800K, 40% used [0x00000000fe600000,0x00000000feb180c0,0x00000000ff280000)
  to   space 12288K, 0% used [0x00000000ff380000,0x00000000ff380000,0x00000000fff80000)
 ParOldGen       total 187392K, used 128516K [0x0000000080000000, 0x000000008b700000, 0x00000000d5580000)
  object space 187392K, 68% used [0x0000000080000000,0x0000000087d81068,0x000000008b700000)
 Metaspace       used 23187K, capacity 23496K, committed 23680K, reserved 1071104K
  class space    used 2570K, capacity 2664K, committed 2688K, reserved 1048576K
}
Event: 46.005 GC heap before
{Heap before GC invocations=29 (full 3):
 PSYoungGen      total 685056K, used 677472K [0x00000000d5580000, 0x00000000fff80000, 0x0000000100000000)
  eden space 672256K, 100% used [0x00000000d5580000,0x00000000fe600000,0x00000000fe600000)
  from space 12800K, 40% used [0x00000000fe600000,0x00000000feb180c0,0x00000000ff280000)
  to   space 12288K, 0% used [0x00000000ff380000,0x00000000ff380000,0x00000000fff80000)
 ParOldGen       total 187392K, used 128516K [0x0000000080000000, 0x000000008b700000, 0x00000000d5580000)
  object space 187392K, 68% used [0x0000000080000000,0x0000000087d81068,0x000000008b700000)
 Metaspace       used 23187K, capacity 23496K, committed 23680K, reserved 1071104K
  class space    used 2570K, capacity 2664K, committed 2688K, reserved 1048576K
Event: 46.017 GC heap after
Heap after GC invocations=29 (full 3):
 PSYoungGen      total 686080K, used 4585K [0x00000000d5580000, 0x00000000fff80000, 0x0000000100000000)
  eden space 673792K, 0% used [0x00000000d5580000,0x00000000d5580000,0x00000000fe780000)
  from space 12288K, 37% used [0x00000000ff380000,0x00000000ff7fa7e0,0x00000000fff80000)
  to   space 12288K, 0% used [0x00000000fe780000,0x00000000fe780000,0x00000000ff380000)
 ParOldGen       total 187392K, used 133460K [0x0000000080000000, 0x000000008b700000, 0x00000000d5580000)
  object space 187392K, 71% used [0x0000000080000000,0x0000000088255078,0x000000008b700000)
 Metaspace       used 23187K, capacity 23496K, committed 23680K, reserved 1071104K
  class space    used 2570K, capacity 2664K, committed 2688K, reserved 1048576K
}
Event: 46.166 GC heap before
{Heap before GC invocations=30 (full 3):
 PSYoungGen      total 686080K, used 678377K [0x00000000d5580000, 0x00000000fff80000, 0x0000000100000000)
  eden space 673792K, 100% used [0x00000000d5580000,0x00000000fe780000,0x00000000fe780000)
  from space 12288K, 37% used [0x00000000ff380000,0x00000000ff7fa7e0,0x00000000fff80000)
  to   space 12288K, 0% used [0x00000000fe780000,0x00000000fe780000,0x00000000ff380000)
 ParOldGen       total 187392K, used 133460K [0x0000000080000000, 0x000000008b700000, 0x00000000d5580000)
  object space 187392K, 71% used [0x0000000080000000,0x0000000088255078,0x000000008b700000)
 Metaspace       used 23187K, capacity 23496K, committed 23680K, reserved 1071104K
  class space    used 2570K, capacity 2664K, committed 2688K, reserved 1048576K
Event: 46.181 GC heap after
Heap after GC invocations=30 (full 3):
 PSYoungGen      total 686080K, used 4396K [0x00000000d5580000, 0x00000000fff00000, 0x0000000100000000)
  eden space 673792K, 0% used [0x00000000d5580000,0x00000000d5580000,0x00000000fe780000)
  from space 12288K, 35% used [0x00000000fe780000,0x00000000febcb3e0,0x00000000ff380000)
  to   space 11776K, 0% used [0x00000000ff380000,0x00000000ff380000,0x00000000fff00000)
 ParOldGen       total 187392K, used 137756K [0x0000000080000000, 0x000000008b700000, 0x00000000d5580000)
  object space 187392K, 73% used [0x0000000080000000,0x0000000088687078,0x000000008b700000)
 Metaspace       used 23187K, capacity 23496K, committed 23680K, reserved 1071104K
  class space    used 2570K, capacity 2664K, committed 2688K, reserved 1048576K
}
Event: 46.328 GC heap before
{Heap before GC invocations=31 (full 3):
 PSYoungGen      total 686080K, used 678188K [0x00000000d5580000, 0x00000000fff00000, 0x0000000100000000)
  eden space 673792K, 100% used [0x00000000d5580000,0x00000000fe780000,0x00000000fe780000)
  from space 12288K, 35% used [0x00000000fe780000,0x00000000febcb3e0,0x00000000ff380000)
  to   space 11776K, 0% used [0x00000000ff380000,0x00000000ff380000,0x00000000fff00000)
 ParOldGen       total 187392K, used 137756K [0x0000000080000000, 0x000000008b700000, 0x00000000d5580000)
  object space 187392K, 73% used [0x0000000080000000,0x0000000088687078,0x000000008b700000)
 Metaspace       used 23187K, capacity 23496K, committed 23680K, reserved 1071104K
  class space    used 2570K, capacity 2664K, committed 2688K, reserved 1048576K
Event: 46.341 GC heap after
Heap after GC invocations=31 (full 3):
 PSYoungGen      total 686080K, used 4380K [0x00000000d5580000, 0x00000000fff80000, 0x0000000100000000)
  eden space 674304K, 0% used [0x00000000d5580000,0x00000000d5580000,0x00000000fe800000)
  from space 11776K, 37% used [0x00000000ff380000,0x00000000ff7c72e0,0x00000000fff00000)
  to   space 11776K, 0% used [0x00000000fe800000,0x00000000fe800000,0x00000000ff380000)
 ParOldGen       total 187392K, used 141924K [0x0000000080000000, 0x000000008b700000, 0x00000000d5580000)
  object space 187392K, 75% used [0x0000000080000000,0x0000000088a99078,0x000000008b700000)
 Metaspace       used 23187K, capacity 23496K, committed 23680K, reserved 1071104K
  class space    used 2570K, capacity 2664K, committed 2688K, reserved 1048576K
}
Event: 46.490 GC heap before
{Heap before GC invocations=32 (full 3):
 PSYoungGen      total 686080K, used 678684K [0x00000000d5580000, 0x00000000fff80000, 0x0000000100000000)
  eden space 674304K, 100% used [0x00000000d5580000,0x00000000fe800000,0x00000000fe800000)
  from space 11776K, 37% used [0x00000000ff380000,0x00000000ff7c72e0,0x00000000fff00000)
  to   space 11776K, 0% used [0x00000000fe800000,0x00000000fe800000,0x00000000ff380000)
 ParOldGen       total 187392K, used 141924K [0x0000000080000000, 0x000000008b700000, 0x00000000d5580000)
  object space 187392K, 75% used [0x0000000080000000,0x0000000088a99078,0x000000008b700000)
 Metaspace       used 23187K, capacity 23496K, committed 23680K, reserved 1071104K
  class space    used 2570K, capacity 2664K, committed 2688K, reserved 1048576K
Event: 46.506 GC heap after
Heap after GC invocations=32 (full 3):
 PSYoungGen      total 686080K, used 4261K [0x00000000d5580000, 0x00000000fff00000, 0x0000000100000000)
  eden space 674304K, 0% used [0x00000000d5580000,0x00000000d5580000,0x00000000fe800000)
  from space 11776K, 36% used [0x00000000fe800000,0x00000000fec296c8,0x00000000ff380000)
  to   space 11264K, 0% used [0x00000000ff400000,0x00000000ff400000,0x00000000fff00000)
 ParOldGen       total 187392K, used 145980K [0x0000000080000000, 0x000000008b700000, 0x00000000d5580000)
  object space 187392K, 77% used [0x0000000080000000,0x0000000088e8f078,0x000000008b700000)
 Metaspace       used 23187K, capacity 23496K, committed 23680K, reserved 1071104K
  class space    used 2570K, capacity 2664K, committed 2688K, reserved 1048576K
}
Event: 46.652 GC heap before
{Heap before GC invocations=33 (full 3):
 PSYoungGen      total 686080K, used 678565K [0x00000000d5580000, 0x00000000fff00000, 0x0000000100000000)
  eden space 674304K, 100% used [0x00000000d5580000,0x00000000fe800000,0x00000000fe800000)
  from space 11776K, 36% used [0x00000000fe800000,0x00000000fec296c8,0x00000000ff380000)
  to   space 11264K, 0% used [0x00000000ff400000,0x00000000ff400000,0x00000000fff00000)
 ParOldGen       total 187392K, used 145980K [0x0000000080000000, 0x000000008b700000, 0x00000000d5580000)
  object space 187392K, 77% used [0x0000000080000000,0x0000000088e8f078,0x000000008b700000)
 Metaspace       used 23187K, capacity 23496K, committed 23680K, reserved 1071104K
  class space    used 2570K, capacity 2664K, committed 2688K, reserved 1048576K
Event: 46.664 GC heap after
Heap after GC invocations=33 (full 3):
 PSYoungGen      total 686592K, used 4206K [0x00000000d5580000, 0x00000000fff80000, 0x0000000100000000)
  eden space 675328K, 0% used [0x00000000d5580000,0x00000000d5580000,0x00000000fe900000)
  from space 11264K, 37% used [0x00000000ff400000,0x00000000ff81b9c8,0x00000000fff00000)
  to   space 11264K, 0% used [0x00000000fe900000,0x00000000fe900000,0x00000000ff400000)
 ParOldGen       total 187392K, used 149924K [0x0000000080000000, 0x000000008b700000, 0x00000000d5580000)
  object space 187392K, 80% used [0x0000000080000000,0x0000000089269078,0x000000008b700000)
 Metaspace       used 23187K, capacity 23496K, committed 23680K, reserved 1071104K
  class space    used 2570K, capacity 2664K, committed 2688K, reserved 1048576K
}
Event: 46.811 GC heap before
{Heap before GC invocations=34 (full 3):
 PSYoungGen      total 686592K, used 679534K [0x00000000d5580000, 0x00000000fff80000, 0x0000000100000000)
  eden space 675328K, 100% used [0x00000000d5580000,0x00000000fe900000,0x00000000fe900000)
  from space 11264K, 37% used [0x00000000ff400000,0x00000000ff81b9c8,0x00000000fff00000)
  to   space 11264K, 0% used [0x00000000fe900000,0x00000000fe900000,0x00000000ff400000)
 ParOldGen       total 187392K, used 149924K [0x0000000080000000, 0x000000008b700000, 0x00000000d5580000)
  object space 187392K, 80% used [0x0000000080000000,0x0000000089269078,0x000000008b700000)
 Metaspace       used 23187K, capacity 23496K, committed 23680K, reserved 1071104K
  class space    used 2570K, capacity 2664K, committed 2688K, reserved 1048576K
Event: 46.822 GC heap after
Heap after GC invocations=34 (full 3):
 PSYoungGen      total 686592K, used 4036K [0x00000000d5580000, 0x00000000fff00000, 0x0000000100000000)
  eden space 675328K, 0% used [0x00000000d5580000,0x00000000d5580000,0x00000000fe900000)
  from space 11264K, 35% used [0x00000000fe900000,0x00000000fecf1290,0x00000000ff400000)
  to   space 10752K, 0% used [0x00000000ff480000,0x00000000ff480000,0x00000000fff00000)
 ParOldGen       total 187392K, used 153796K [0x0000000080000000, 0x000000008b700000, 0x00000000d5580000)
  object space 187392K, 82% used [0x0000000080000000,0x0000000089631078,0x000000008b700000)
 Metaspace       used 23187K, capacity 23496K, committed 23680K, reserved 1071104K
  class space    used 2570K, capacity 2664K, committed 2688K, reserved 1048576K
}
Event: 46.969 GC heap before
{Heap before GC invocations=35 (full 3):
 PSYoungGen      total 686592K, used 679364K [0x00000000d5580000, 0x00000000fff00000, 0x0000000100000000)
  eden space 675328K, 100% used [0x00000000d5580000,0x00000000fe900000,0x00000000fe900000)
  from space 11264K, 35% used [0x00000000fe900000,0x00000000fecf1290,0x00000000ff400000)
  to   space 10752K, 0% used [0x00000000ff480000,0x00000000ff480000,0x00000000fff00000)
 ParOldGen       total 187392K, used 153796K [0x0000000080000000, 0x000000008b700000, 0x00000000d5580000)
  object space 187392K, 82% used [0x0000000080000000,0x0000000089631078,0x000000008b700000)
 Metaspace       used 23187K, capacity 23496K, committed 23680K, reserved 1071104K
  class space    used 2570K, capacity 2664K, committed 2688K, reserved 1048576K
Event: 46.981 GC heap after
Heap after GC invocations=35 (full 3):
 PSYoungGen      total 687104K, used 3978K [0x00000000d5580000, 0x00000000fff80000, 0x0000000100000000)
  eden space 676352K, 0% used [0x00000000d5580000,0x00000000d5580000,0x00000000fea00000)
  from space 10752K, 36% used [0x00000000ff480000,0x00000000ff8628c8,0x00000000fff00000)
  to   space 10752K, 0% used [0x00000000fea00000,0x00000000fea00000,0x00000000ff480000)
 ParOldGen       total 187392K, used 157620K [0x0000000080000000, 0x000000008b700000, 0x00000000d5580000)
  object space 187392K, 84% used [0x0000000080000000,0x00000000899ed078,0x000000008b700000)
 Metaspace       used 23187K, capacity 23496K, committed 23680K, reserved 1071104K
  class space    used 2570K, capacity 2664K, committed 2688K, reserved 1048576K
}
Event: 47.129 GC heap before
{Heap before GC invocations=36 (full 3):
 PSYoungGen      total 687104K, used 680330K [0x00000000d5580000, 0x00000000fff80000, 0x0000000100000000)
  eden space 676352K, 100% used [0x00000000d5580000,0x00000000fea00000,0x00000000fea00000)
  from space 10752K, 36% used [0x00000000ff480000,0x00000000ff8628c8,0x00000000fff00000)
  to   space 10752K, 0% used [0x00000000fea00000,0x00000000fea00000,0x00000000ff480000)
 ParOldGen       total 187392K, used 157620K [0x0000000080000000, 0x000000008b700000, 0x00000000d5580000)
  object space 187392K, 84% used [0x0000000080000000,0x00000000899ed078,0x000000008b700000)
 Metaspace       used 23187K, capacity 23496K, committed 23680K, reserved 1071104K
  class space    used 2570K, capacity 2664K, committed 2688K, reserved 1048576K
Event: 47.140 GC heap after
Heap after GC invocations=36 (full 3):
 PSYoungGen      total 687104K, used 3919K [0x00000000d5580000, 0x00000000fff00000, 0x0000000100000000)
  eden space 676352K, 0% used [0x00000000d5580000,0x00000000d5580000,0x00000000fea00000)
  from space 10752K, 36% used [0x00000000fea00000,0x00000000fedd3e90,0x00000000ff480000)
  to   space 10240K, 0% used [0x00000000ff500000,0x00000000ff500000,0x00000000fff00000)
 ParOldGen       total 187392K, used 161348K [0x0000000080000000, 0x000000008b700000, 0x00000000d5580000)
  object space 187392K, 86% used [0x0000000080000000,0x0000000089d91078,0x000000008b700000)
 Metaspace       used 23187K, capacity 23496K, committed 23680K, reserved 1071104K
  class space    used 2570K, capacity 2664K, committed 2688K, reserved 1048576K
}
Event: 47.286 GC heap before
{Heap before GC invocations=37 (full 3):
 PSYoungGen      total 687104K, used 680271K [0x00000000d5580000, 0x00000000fff00000, 0x0000000100000000)
  eden space 676352K, 100% used [0x00000000d5580000,0x00000000fea00000,0x00000000fea00000)
  from space 10752K, 36% used [0x00000000fea00000,0x00000000fedd3e90,0x00000000ff480000)
  to   space 10240K, 0% used [0x00000000ff500000,0x00000000ff500000,0x00000000fff00000)
 ParOldGen       total 187392K, used 161348K [0x0000000080000000, 0x000000008b700000, 0x00000000d5580000)
  object space 187392K, 86% used [0x0000000080000000,0x0000000089d91078,0x000000008b700000)
 Metaspace       used 23187K, capacity 23496K, committed 23680K, reserved 1071104K
  class space    used 2570K, capacity 2664K, committed 2688K, reserved 1048576K
Event: 47.296 GC heap after
Heap after GC invocations=37 (full 3):
 PSYoungGen      total 687616K, used 3919K [0x00000000d5580000, 0x00000000fff80000, 0x0000000100000000)
  eden space 677376K, 0% used [0x00000000d5580000,0x00000000d5580000,0x00000000feb00000)
  from space 10240K, 38% used [0x00000000ff500000,0x00000000ff8d3dd8,0x00000000fff00000)
  to   space 10240K, 0% used [0x00000000feb00000,0x00000000feb00000,0x00000000ff500000)
 ParOldGen       total 187392K, used 165012K [0x0000000080000000, 0x000000008b700000, 0x00000000d5580000)
  object space 187392K, 88% used [0x0000000080000000,0x000000008a125078,0x000000008b700000)
 Metaspace       used 23187K, capacity 23496K, committed 23680K, reserved 1071104K
  class space    used 2570K, capacity 2664K, committed 2688K, reserved 1048576K
}
Event: 47.440 GC heap before
{Heap before GC invocations=38 (full 3):
 PSYoungGen      total 687616K, used 681295K [0x00000000d5580000, 0x00000000fff80000, 0x0000000100000000)
  eden space 677376K, 100% used [0x00000000d5580000,0x00000000feb00000,0x00000000feb00000)
  from space 10240K, 38% used [0x00000000ff500000,0x00000000ff8d3dd8,0x00000000fff00000)
  to   space 10240K, 0% used [0x00000000feb00000,0x00000000feb00000,0x00000000ff500000)
 ParOldGen       total 187392K, used 165012K [0x0000000080000000, 0x000000008b700000, 0x00000000d5580000)
  object space 187392K, 88% used [0x0000000080000000,0x000000008a125078,0x000000008b700000)
 Metaspace       used 23187K, capacity 23496K, committed 23680K, reserved 1071104K
  class space    used 2570K, capacity 2664K, committed 2688K, reserved 1048576K
Event: 47.453 GC heap after
Heap after GC invocations=38 (full 3):
 PSYoungGen      total 687616K, used 3863K [0x00000000d5580000, 0x00000000fff00000, 0x0000000100000000)
  eden space 677376K, 0% used [0x00000000d5580000,0x00000000d5580000,0x00000000feb00000)
  from space 10240K, 37% used [0x00000000feb00000,0x00000000feec5d28,0x00000000ff500000)
  to   space 9728K, 0% used [0x00000000ff580000,0x00000000ff580000,0x00000000fff00000)
 ParOldGen       total 187392K, used 168556K [0x0000000080000000, 0x000000008b700000, 0x00000000d5580000)
  object space 187392K, 89% used [0x0000000080000000,0x000000008a49b078,0x000000008b700000)
 Metaspace       used 23187K, capacity 23496K, committed 23680K, reserved 1071104K
  class space    used 2570K, capacity 2664K, committed 2688K, reserved 1048576K
}
Event: 47.601 GC heap before
{Heap before GC invocations=39 (full 3):
 PSYoungGen      total 687616K, used 681239K [0x00000000d5580000, 0x00000000fff00000, 0x0000000100000000)
  eden space 677376K, 100% used [0x00000000d5580000,0x00000000feb00000,0x00000000feb00000)
  from space 10240K, 37% used [0x00000000feb00000,0x00000000feec5d28,0x00000000ff500000)
  to   space 9728K, 0% used [0x00000000ff580000,0x00000000ff580000,0x00000000fff00000)
 ParOldGen       total 187392K, used 168556K [0x0000000080000000, 0x000000008b700000, 0x00000000d5580000)
  object space 187392K, 89% used [0x0000000080000000,0x000000008a49b078,0x000000008b700000)
 Metaspace       used 23187K, capacity 23496K, committed 23680K, reserved 1071104K
  class space    used 2570K, capacity 2664K, committed 2688K, reserved 1048576K
Event: 47.612 GC heap after
Heap after GC invocations=39 (full 3):
 PSYoungGen      total 688128K, used 3806K [0x00000000d5580000, 0x00000000fff80000, 0x0000000100000000)
  eden space 678400K, 0% used [0x00000000d5580000,0x00000000d5580000,0x00000000fec00000)
  from space 9728K, 39% used [0x00000000ff580000,0x00000000ff937bd0,0x00000000fff00000)
  to   space 9728K, 0% used [0x00000000fec00000,0x00000000fec00000,0x00000000ff580000)
 ParOldGen       total 187392K, used 172060K [0x0000000080000000, 0x000000008b700000, 0x00000000d5580000)
  object space 187392K, 91% used [0x0000000080000000,0x000000008a807078,0x000000008b700000)
 Metaspace       used 23187K, capacity 23496K, committed 23680K, reserved 1071104K
  class space    used 2570K, capacity 2664K, committed 2688K, reserved 1048576K
}
Event: 47.763 GC heap before
{Heap before GC invocations=40 (full 3):
 PSYoungGen      total 688128K, used 682206K [0x00000000d5580000, 0x00000000fff80000, 0x0000000100000000)
  eden space 678400K, 100% used [0x00000000d5580000,0x00000000fec00000,0x00000000fec00000)
  from space 9728K, 39% used [0x00000000ff580000,0x00000000ff937bd0,0x00000000fff00000)
  to   space 9728K, 0% used [0x00000000fec00000,0x00000000fec00000,0x00000000ff580000)
 ParOldGen       total 187392K, used 172060K [0x0000000080000000, 0x000000008b700000, 0x00000000d5580000)
  object space 187392K, 91% used [0x0000000080000000,0x000000008a807078,0x000000008b700000)
 Metaspace       used 23187K, capacity 23496K, committed 23680K, reserved 1071104K
  class space    used 2570K, capacity 2664K, committed 2688K, reserved 1048576K
Event: 47.775 GC heap after
Heap after GC invocations=40 (full 3):
 PSYoungGen      total 688128K, used 4196K [0x00000000d5580000, 0x00000000fff00000, 0x0000000100000000)
  eden space 678400K, 0% used [0x00000000d5580000,0x00000000d5580000,0x00000000fec00000)
  from space 9728K, 43% used [0x00000000fec00000,0x00000000ff019140,0x00000000ff580000)
  to   space 9216K, 0% used [0x00000000ff600000,0x00000000ff600000,0x00000000fff00000)
 ParOldGen       total 187392K, used 175476K [0x0000000080000000, 0x000000008b700000, 0x00000000d5580000)
  object space 187392K, 93% used [0x0000000080000000,0x000000008ab5d078,0x000000008b700000)
 Metaspace       used 23187K, capacity 23496K, committed 23680K, reserved 1071104K
  class space    used 2570K, capacity 2664K, committed 2688K, reserved 1048576K
}
Event: 47.923 GC heap before
{Heap before GC invocations=41 (full 3):
 PSYoungGen      total 688128K, used 682596K [0x00000000d5580000, 0x00000000fff00000, 0x0000000100000000)
  eden space 678400K, 100% used [0x00000000d5580000,0x00000000fec00000,0x00000000fec00000)
  from space 9728K, 43% used [0x00000000fec00000,0x00000000ff019140,0x00000000ff580000)
  to   space 9216K, 0% used [0x00000000ff600000,0x00000000ff600000,0x00000000fff00000)
 ParOldGen       total 187392K, used 175476K [0x0000000080000000, 0x000000008b700000, 0x00000000d5580000)
  object space 187392K, 93% used [0x0000000080000000,0x000000008ab5d078,0x000000008b700000)
 Metaspace       used 23187K, capacity 23496K, committed 23680K, reserved 1071104K
  class space    used 2570K, capacity 2664K, committed 2688K, reserved 1048576K
Event: 47.934 GC heap after
Heap after GC invocations=41 (full 3):
 PSYoungGen      total 688640K, used 3757K [0x00000000d5580000, 0x00000000fff80000, 0x0000000100000000)
  eden space 679424K, 0% used [0x00000000d5580000,0x00000000d5580000,0x00000000fed00000)
  from space 9216K, 40% used [0x00000000ff600000,0x00000000ff9ab770,0x00000000fff00000)
  to   space 9216K, 0% used [0x00000000fed00000,0x00000000fed00000,0x00000000ff600000)
 ParOldGen       total 187392K, used 179396K [0x0000000080000000, 0x000000008b700000, 0x00000000d5580000)
  object space 187392K, 95% used [0x0000000080000000,0x000000008af31088,0x000000008b700000)
 Metaspace       used 23187K, capacity 23496K, committed 23680K, reserved 1071104K
  class space    used 2570K, capacity 2664K, committed 2688K, reserved 1048576K
}
Event: 47.934 GC heap before
{Heap before GC invocations=42 (full 4):
 PSYoungGen      total 688640K, used 3757K [0x00000000d5580000, 0x00000000fff80000, 0x0000000100000000)
  eden space 679424K, 0% used [0x00000000d5580000,0x00000000d5580000,0x00000000fed00000)
  from space 9216K, 40% used [0x00000000ff600000,0x00000000ff9ab770,0x00000000fff00000)
  to   space 9216K, 0% used [0x00000000fed00000,0x00000000fed00000,0x00000000ff600000)
 ParOldGen       total 187392K, used 179396K [0x0000000080000000, 0x000000008b700000, 0x00000000d5580000)
  object space 187392K, 95% used [0x0000000080000000,0x000000008af31088,0x000000008b700000)
 Metaspace       used 23187K, capacity 23496K, committed 23680K, reserved 1071104K
  class space    used 2570K, capacity 2664K, committed 2688K, reserved 1048576K
Event: 48.400 GC heap after
Heap after GC invocations=42 (full 4):
 PSYoungGen      total 688640K, used 0K [0x00000000d5580000, 0x00000000fff80000, 0x0000000100000000)
  eden space 679424K, 0% used [0x00000000d5580000,0x00000000d5580000,0x00000000fed00000)
  from space 9216K, 0% used [0x00000000ff600000,0x00000000ff600000,0x00000000fff00000)
  to   space 9216K, 0% used [0x00000000fed00000,0x00000000fed00000,0x00000000ff600000)
 ParOldGen       total 257024K, used 181075K [0x0000000080000000, 0x000000008fb00000, 0x00000000d5580000)
  object space 257024K, 70% used [0x0000000080000000,0x000000008b0d4c98,0x000000008fb00000)
 Metaspace       used 23187K, capacity 23496K, committed 23680K, reserved 1071104K
  class space    used 2570K, capacity 2664K, committed 2688K, reserved 1048576K
}
Event: 48.554 GC heap before
{Heap before GC invocations=43 (full 4):
 PSYoungGen      total 688640K, used 679424K [0x00000000d5580000, 0x00000000fff80000, 0x0000000100000000)
  eden space 679424K, 100% used [0x00000000d5580000,0x00000000fed00000,0x00000000fed00000)
  from space 9216K, 0% used [0x00000000ff600000,0x00000000ff600000,0x00000000fff00000)
  to   space 9216K, 0% used [0x00000000fed00000,0x00000000fed00000,0x00000000ff600000)
 ParOldGen       total 257024K, used 181075K [0x0000000080000000, 0x000000008fb00000, 0x00000000d5580000)
  object space 257024K, 70% used [0x0000000080000000,0x000000008b0d4c98,0x000000008fb00000)
 Metaspace       used 23187K, capacity 23496K, committed 23680K, reserved 1071104K
  class space    used 2570K, capacity 2664K, committed 2688K, reserved 1048576K
Event: 48.560 GC heap after
Heap after GC invocations=43 (full 4):
 PSYoungGen      total 688640K, used 3698K [0x00000000d5580000, 0x00000000fff00000, 0x0000000100000000)
  eden space 679424K, 0% used [0x00000000d5580000,0x00000000d5580000,0x00000000fed00000)
  from space 9216K, 40% used [0x00000000fed00000,0x00000000ff09cab0,0x00000000ff600000)
  to   space 8704K, 0% used [0x00000000ff680000,0x00000000ff680000,0x00000000fff00000)
 ParOldGen       total 257024K, used 181075K [0x0000000080000000, 0x000000008fb00000, 0x00000000d5580000)
  object space 257024K, 70% used [0x0000000080000000,0x000000008b0d4c98,0x000000008fb00000)
 Metaspace       used 23187K, capacity 23496K, committed 23680K, reserved 1071104K
  class space    used 2570K, capacity 2664K, committed 2688K, reserved 1048576K
}
Event: 48.708 GC heap before
{Heap before GC invocations=44 (full 4):
 PSYoungGen      total 688640K, used 683122K [0x00000000d5580000, 0x00000000fff00000, 0x0000000100000000)
  eden space 679424K, 100% used [0x00000000d5580000,0x00000000fed00000,0x00000000fed00000)
  from space 9216K, 40% used [0x00000000fed00000,0x00000000ff09cab0,0x00000000ff600000)
  to   space 8704K, 0% used [0x00000000ff680000,0x00000000ff680000,0x00000000fff00000)
 ParOldGen       total 257024K, used 181075K [0x0000000080000000, 0x000000008fb00000, 0x00000000d5580000)
  object space 257024K, 70% used [0x0000000080000000,0x000000008b0d4c98,0x000000008fb00000)
 Metaspace       used 23187K, capacity 23496K, committed 23680K, reserved 1071104K
  class space    used 2570K, capacity 2664K, committed 2688K, reserved 1048576K
Event: 48.717 GC heap after
Heap after GC invocations=44 (full 4):
 PSYoungGen      total 688640K, used 7072K [0x00000000d5580000, 0x0000000100000000, 0x0000000100000000)
  eden space 679936K, 0% used [0x00000000d5580000,0x00000000d5580000,0x00000000fed80000)
  from space 8704K, 81% used [0x00000000ff680000,0x00000000ffd68378,0x00000000fff00000)
  to   space 9216K, 0% used [0x00000000fed80000,0x00000000fed80000,0x00000000ff680000)
 ParOldGen       total 257024K, used 181075K [0x0000000080000000, 0x000000008fb00000, 0x00000000d5580000)
  object space 257024K, 70% used [0x0000000080000000,0x000000008b0d4c98,0x000000008fb00000)
 Metaspace       used 23187K, capacity 23496K, committed 23680K, reserved 1071104K
  class space    used 2570K, capacity 2664K, committed 2688K, reserved 1048576K
}
Event: 48.877 GC heap before
{Heap before GC invocations=45 (full 4):
 PSYoungGen      total 688640K, used 687008K [0x00000000d5580000, 0x0000000100000000, 0x0000000100000000)
  eden space 679936K, 100% used [0x00000000d5580000,0x00000000fed80000,0x00000000fed80000)
  from space 8704K, 81% used [0x00000000ff680000,0x00000000ffd68378,0x00000000fff00000)
  to   space 9216K, 0% used [0x00000000fed80000,0x00000000fed80000,0x00000000ff680000)
 ParOldGen       total 257024K, used 181075K [0x0000000080000000, 0x000000008fb00000, 0x00000000d5580000)
  object space 257024K, 70% used [0x0000000080000000,0x000000008b0d4c98,0x000000008fb00000)
 Metaspace       used 23187K, capacity 23496K, committed 23680K, reserved 1071104K
  class space    used 2570K, capacity 2664K, committed 2688K, reserved 1048576K
Event: 48.889 GC heap after
Heap after GC invocations=45 (full 4):
 PSYoungGen      total 689152K, used 9200K [0x00000000d5580000, 0x0000000100000000, 0x0000000100000000)
  eden space 679936K, 0% used [0x00000000d5580000,0x00000000d5580000,0x00000000fed80000)
  from space 9216K, 99% used [0x00000000fed80000,0x00000000ff67c188,0x00000000ff680000)
  to   space 9728K, 0% used [0x00000000ff680000,0x00000000ff680000,0x0000000100000000)
 ParOldGen       total 257024K, used 184190K [0x0000000080000000, 0x000000008fb00000, 0x00000000d5580000)
  object space 257024K, 71% used [0x0000000080000000,0x000000008b3dfb90,0x000000008fb00000)
 Metaspace       used 23187K, capacity 23496K, committed 23680K, reserved 1071104K
  class space    used 2570K, capacity 2664K, committed 2688K, reserved 1048576K
}
Event: 49.046 GC heap before
{Heap before GC invocations=46 (full 4):
 PSYoungGen      total 689152K, used 689136K [0x00000000d5580000, 0x0000000100000000, 0x0000000100000000)
  eden space 679936K, 100% used [0x00000000d5580000,0x00000000fed80000,0x00000000fed80000)
  from space 9216K, 99% used [0x00000000fed80000,0x00000000ff67c188,0x00000000ff680000)
  to   space 9728K, 0% used [0x00000000ff680000,0x00000000ff680000,0x0000000100000000)
 ParOldGen       total 257024K, used 184190K [0x0000000080000000, 0x000000008fb00000, 0x00000000d5580000)
  object space 257024K, 71% used [0x0000000080000000,0x000000008b3dfb90,0x000000008fb00000)
 Metaspace       used 23187K, capacity 23496K, committed 23680K, reserved 1071104K
  class space    used 2570K, capacity 2664K, committed 2688K, reserved 1048576K
Event: 49.062 GC heap after
Heap after GC invocations=46 (full 4):
 PSYoungGen      total 686080K, used 6794K [0x00000000d5580000, 0x0000000100000000, 0x0000000100000000)
  eden space 676352K, 0% used [0x00000000d5580000,0x00000000d5580000,0x00000000fea00000)
  from space 9728K, 69% used [0x00000000ff680000,0x00000000ffd228b0,0x0000000100000000)
  to   space 11264K, 0% used [0x00000000fea00000,0x00000000fea00000,0x00000000ff500000)
 ParOldGen       total 257024K, used 190091K [0x0000000080000000, 0x000000008fb00000, 0x00000000d5580000)
  object space 257024K, 73% used [0x0000000080000000,0x000000008b9a2e00,0x000000008fb00000)
 Metaspace       used 23187K, capacity 23496K, committed 23680K, reserved 1071104K
  class space    used 2570K, capacity 2664K, committed 2688K, reserved 1048576K
}
Event: 49.212 GC heap before
{Heap before GC invocations=47 (full 4):
 PSYoungGen      total 686080K, used 683146K [0x00000000d5580000, 0x0000000100000000, 0x0000000100000000)
  eden space 676352K, 100% used [0x00000000d5580000,0x00000000fea00000,0x00000000fea00000)
  from space 9728K, 69% used [0x00000000ff680000,0x00000000ffd228b0,0x0000000100000000)
  to   space 11264K, 0% used [0x00000000fea00000,0x00000000fea00000,0x00000000ff500000)
 ParOldGen       total 257024K, used 190091K [0x0000000080000000, 0x000000008fb00000, 0x00000000d5580000)
  object space 257024K, 73% used [0x0000000080000000,0x000000008b9a2e00,0x000000008fb00000)
 Metaspace       used 23187K, capacity 23496K, committed 23680K, reserved 1071104K
  class space    used 2570K, capacity 2664K, committed 2688K, reserved 1048576K
Event: 49.224 GC heap after
Heap after GC invocations=47 (full 4):
 PSYoungGen      total 686592K, used 9760K [0x00000000d5580000, 0x0000000100000000, 0x0000000100000000)
  eden space 676352K, 0% used [0x00000000d5580000,0x00000000d5580000,0x00000000fea00000)
  from space 10240K, 95% used [0x00000000fea00000,0x00000000ff388268,0x00000000ff400000)
  to   space 12288K, 0% used [0x00000000ff400000,0x00000000ff400000,0x0000000100000000)
 ParOldGen       total 257024K, used 190091K [0x0000000080000000, 0x000000008fb00000, 0x00000000d5580000)
  object space 257024K, 73% used [0x0000000080000000,0x000000008b9a2e00,0x000000008fb00000)
 Metaspace       used 23187K, capacity 23496K, committed 23680K, reserved 1071104K
  class space    used 2570K, capacity 2664K, committed 2688K, reserved 1048576K
}
Event: 49.374 GC heap before
{Heap before GC invocations=48 (full 4):
 PSYoungGen      total 686592K, used 686112K [0x00000000d5580000, 0x0000000100000000, 0x0000000100000000)
  eden space 676352K, 100% used [0x00000000d5580000,0x00000000fea00000,0x00000000fea00000)
  from space 10240K, 95% used [0x00000000fea00000,0x00000000ff388268,0x00000000ff400000)
  to   space 12288K, 0% used [0x00000000ff400000,0x00000000ff400000,0x0000000100000000)
 ParOldGen       total 257024K, used 190091K [0x0000000080000000, 0x000000008fb00000, 0x00000000d5580000)
  object space 257024K, 73% used [0x0000000080000000,0x000000008b9a2e00,0x000000008fb00000)
 Metaspace       used 23187K, capacity 23496K, committed 23680K, reserved 1071104K
  class space    used 2570K, capacity 2664K, committed 2688K, reserved 1048576K
Event: 49.389 GC heap after
Heap after GC invocations=48 (full 4):
 PSYoungGen      total 682496K, used 12279K [0x00000000d5580000, 0x0000000100000000, 0x0000000100000000)
  eden space 670208K, 0% used [0x00000000d5580000,0x00000000d5580000,0x00000000fe400000)
  from space 12288K, 99% used [0x00000000ff400000,0x00000000ffffde68,0x0000000100000000)
  to   space 14336K, 0% used [0x00000000fe400000,0x00000000fe400000,0x00000000ff200000)
 ParOldGen       total 257024K, used 190739K [0x0000000080000000, 0x000000008fb00000, 0x00000000d5580000)
  object space 257024K, 74% used [0x0000000080000000,0x000000008ba44e00,0x000000008fb00000)
 Metaspace       used 23187K, capacity 23496K, committed 23680K, reserved 1071104K
  class space    used 2570K, capacity 2664K, committed 2688K, reserved 1048576K
}
Event: 49.533 GC heap before
{Heap before GC invocations=49 (full 4):
 PSYoungGen      total 682496K, used 682487K [0x00000000d5580000, 0x0000000100000000, 0x0000000100000000)
  eden space 670208K, 100% used [0x00000000d5580000,0x00000000fe400000,0x00000000fe400000)
  from space 12288K, 99% used [0x00000000ff400000,0x00000000ffffde68,0x0000000100000000)
  to   space 14336K, 0% used [0x00000000fe400000,0x00000000fe400000,0x00000000ff200000)
 ParOldGen       total 257024K, used 190739K [0x0000000080000000, 0x000000008fb00000, 0x00000000d5580000)
  object space 257024K, 74% used [0x0000000080000000,0x000000008ba44e00,0x000000008fb00000)
 Metaspace       used 23187K, capacity 23496K, committed 23680K, reserved 1071104K
  class space    used 2570K, capacity 2664K, committed 2688K, reserved 1048576K
Event: 49.551 GC heap after
Heap after GC invocations=49 (full 4):
 PSYoungGen      total 679936K, used 9566K [0x00000000d5580000, 0x0000000100000000, 0x0000000100000000)
  eden space 670208K, 0% used [0x00000000d5580000,0x00000000d5580000,0x00000000fe400000)
  from space 9728K, 98% used [0x00000000fe400000,0x00000000fed57860,0x00000000fed80000)
  to   space 14848K, 0% used [0x00000000ff180000,0x00000000ff180000,0x0000000100000000)
 ParOldGen       total 257024K, used 196467K [0x0000000080000000, 0x000000008fb00000, 0x00000000d5580000)
  object space 257024K, 76% used [0x0000000080000000,0x000000008bfdce00,0x000000008fb00000)
 Metaspace       used 23187K, capacity 23496K, committed 23680K, reserved 1071104K
  class space    used 2570K, capacity 2664K, committed 2688K, reserved 1048576K
}
Event: 49.696 GC heap before
{Heap before GC invocations=50 (full 4):
 PSYoungGen      total 679936K, used 679774K [0x00000000d5580000, 0x0000000100000000, 0x0000000100000000)
  eden space 670208K, 100% used [0x00000000d5580000,0x00000000fe400000,0x00000000fe400000)
  from space 9728K, 98% used [0x00000000fe400000,0x00000000fed57860,0x00000000fed80000)
  to   space 14848K, 0% used [0x00000000ff180000,0x00000000ff180000,0x0000000100000000)
 ParOldGen       total 257024K, used 196467K [0x0000000080000000, 0x000000008fb00000, 0x00000000d5580000)
  object space 257024K, 76% used [0x0000000080000000,0x000000008bfdce00,0x000000008fb00000)
 Metaspace       used 23187K, capacity 23496K, committed 23680K, reserved 1071104K
  class space    used 2570K, capacity 2664K, committed 2688K, reserved 1048576K
Event: 49.710 GC heap after
Heap after GC invocations=50 (full 4):
 PSYoungGen      total 681984K, used 12452K [0x00000000d5580000, 0x0000000100000000, 0x0000000100000000)
  eden space 667136K, 0% used [0x00000000d5580000,0x00000000d5580000,0x00000000fe100000)
  from space 14848K, 83% used [0x00000000ff180000,0x00000000ffda9210,0x0000000100000000)
  to   space 15872K, 0% used [0x00000000fe100000,0x00000000fe100000,0x00000000ff080000)
 ParOldGen       total 257024K, used 196467K [0x0000000080000000, 0x000000008fb00000, 0x00000000d5580000)
  object space 257024K, 76% used [0x0000000080000000,0x000000008bfdce00,0x000000008fb00000)
 Metaspace       used 23187K, capacity 23496K, committed 23680K, reserved 1071104K
  class space    used 2570K, capacity 2664K, committed 2688K, reserved 1048576K
}
Event: 49.857 GC heap before
{Heap before GC invocations=51 (full 4):
 PSYoungGen      total 681984K, used 679588K [0x00000000d5580000, 0x0000000100000000, 0x0000000100000000)
  eden space 667136K, 100% used [0x00000000d5580000,0x00000000fe100000,0x00000000fe100000)
  from space 14848K, 83% used [0x00000000ff180000,0x00000000ffda9210,0x0000000100000000)
  to   space 15872K, 0% used [0x00000000fe100000,0x00000000fe100000,0x00000000ff080000)
 ParOldGen       total 257024K, used 196467K [0x0000000080000000, 0x000000008fb00000, 0x00000000d5580000)
  object space 257024K, 76% used [0x0000000080000000,0x000000008bfdce00,0x000000008fb00000)
 Metaspace       used 23187K, capacity 23496K, committed 23680K, reserved 1071104K
  class space    used 2570K, capacity 2664K, committed 2688K, reserved 1048576K
Event: 49.876 GC heap after
Heap after GC invocations=51 (full 4):
 PSYoungGen      total 679424K, used 12202K [0x00000000d5580000, 0x0000000100000000, 0x0000000100000000)
  eden space 667136K, 0% used [0x00000000d5580000,0x00000000d5580000,0x00000000fe100000)
  from space 12288K, 99% used [0x00000000fe100000,0x00000000feceab48,0x00000000fed00000)
  to   space 16896K, 0% used [0x00000000fef80000,0x00000000fef80000,0x0000000100000000)
 ParOldGen       total 257024K, used 199579K [0x0000000080000000, 0x000000008fb00000, 0x00000000d5580000)
  object space 257024K, 77% used [0x0000000080000000,0x000000008c2e6e00,0x000000008fb00000)
 Metaspace       used 23187K, capacity 23496K, committed 23680K, reserved 1071104K
  class space    used 2570K, capacity 2664K, committed 2688K, reserved 1048576K
}
Event: 50.021 GC heap before
{Heap before GC invocations=52 (full 4):
 PSYoungGen      total 679424K, used 679338K [0x00000000d5580000, 0x0000000100000000, 0x0000000100000000)
  eden space 667136K, 100% used [0x00000000d5580000,0x00000000fe100000,0x00000000fe100000)
  from space 12288K, 99% used [0x00000000fe100000,0x00000000feceab48,0x00000000fed00000)
  to   space 16896K, 0% used [0x00000000fef80000,0x00000000fef80000,0x0000000100000000)
 ParOldGen       total 257024K, used 199579K [0x0000000080000000, 0x000000008fb00000, 0x00000000d5580000)
  object space 257024K, 77% used [0x0000000080000000,0x000000008c2e6e00,0x000000008fb00000)
 Metaspace       used 23187K, capacity 23496K, committed 23680K, reserved 1071104K
  class space    used 2570K, capacity 2664K, committed 2688K, reserved 1048576K
Event: 50.038 GC heap after
Heap after GC invocations=52 (full 4):
 PSYoungGen      total 680960K, used 11798K [0x00000000d5580000, 0x0000000100000000, 0x0000000100000000)
  eden space 664064K, 0% used [0x00000000d5580000,0x00000000d5580000,0x00000000fde00000)
  from space 16896K, 69% used [0x00000000fef80000,0x00000000ffb05800,0x0000000100000000)
  to   space 17408K, 0% used [0x00000000fde00000,0x00000000fde00000,0x00000000fef00000)
 ParOldGen       total 257024K, used 202635K [0x0000000080000000, 0x000000008fb00000, 0x00000000d5580000)
  object space 257024K, 78% used [0x0000000080000000,0x000000008c5e2e00,0x000000008fb00000)
 Metaspace       used 23187K, capacity 23496K, committed 23680K, reserved 1071104K
  class space    used 2570K, capacity 2664K, committed 2688K, reserved 1048576K
}
Event: 50.182 GC heap before
{Heap before GC invocations=53 (full 4):
 PSYoungGen      total 680960K, used 675862K [0x00000000d5580000, 0x0000000100000000, 0x0000000100000000)
  eden space 664064K, 100% used [0x00000000d5580000,0x00000000fde00000,0x00000000fde00000)
  from space 16896K, 69% used [0x00000000fef80000,0x00000000ffb05800,0x0000000100000000)
  to   space 17408K, 0% used [0x00000000fde00000,0x00000000fde00000,0x00000000fef00000)
 ParOldGen       total 257024K, used 202635K [0x0000000080000000, 0x000000008fb00000, 0x00000000d5580000)
  object space 257024K, 78% used [0x0000000080000000,0x000000008c5e2e00,0x000000008fb00000)
 Metaspace       used 23187K, capacity 23496K, committed 23680K, reserved 1071104K
  class space    used 2570K, capacity 2664K, committed 2688K, reserved 1048576K
Event: 50.198 GC heap after
Heap after GC invocations=53 (full 4):
 PSYoungGen      total 675840K, used 11735K [0x00000000d5580000, 0x0000000100000000, 0x0000000100000000)
  eden space 664064K, 0% used [0x00000000d5580000,0x00000000d5580000,0x00000000fde00000)
  from space 11776K, 99% used [0x00000000fde00000,0x00000000fe975c80,0x00000000fe980000)
  to   space 17920K, 0% used [0x00000000fee80000,0x00000000fee80000,0x0000000100000000)
 ParOldGen       total 257024K, used 205595K [0x0000000080000000, 0x000000008fb00000, 0x00000000d5580000)
  object space 257024K, 79% used [0x0000000080000000,0x000000008c8c6e00,0x000000008fb00000)
 Metaspace       used 23187K, capacity 23496K, committed 23680K, reserved 1071104K
  class space    used 2570K, capacity 2664K, committed 2688K, reserved 1048576K
}
Event: 50.341 GC heap before
{Heap before GC invocations=54 (full 4):
 PSYoungGen      total 675840K, used 675799K [0x00000000d5580000, 0x0000000100000000, 0x0000000100000000)
  eden space 664064K, 100% used [0x00000000d5580000,0x00000000fde00000,0x00000000fde00000)
  from space 11776K, 99% used [0x00000000fde00000,0x00000000fe975c80,0x00000000fe980000)
  to   space 17920K, 0% used [0x00000000fee80000,0x00000000fee80000,0x0000000100000000)
 ParOldGen       total 257024K, used 205595K [0x0000000080000000, 0x000000008fb00000, 0x00000000d5580000)
  object space 257024K, 79% used [0x0000000080000000,0x000000008c8c6e00,0x000000008fb00000)
 Metaspace       used 23187K, capacity 23496K, committed 23680K, reserved 1071104K
  class space    used 2570K, capacity 2664K, committed 2688K, reserved 1048576K
Event: 50.358 GC heap after
Heap after GC invocations=54 (full 4):
 PSYoungGen      total 680960K, used 11549K [0x00000000d5580000, 0x0000000100000000, 0x0000000100000000)
  eden space 663040K, 0% used [0x00000000d5580000,0x00000000d5580000,0x00000000fdd00000)
  from space 17920K, 64% used [0x00000000fee80000,0x00000000ff9c7498,0x0000000100000000)
  to   space 17920K, 0% used [0x00000000fdd00000,0x00000000fdd00000,0x00000000fee80000)
 ParOldGen       total 257024K, used 208523K [0x0000000080000000, 0x000000008fb00000, 0x00000000d5580000)
  object space 257024K, 81% used [0x0000000080000000,0x000000008cba2e00,0x000000008fb00000)
 Metaspace       used 23187K, capacity 23496K, committed 23680K, reserved 1071104K
  class space    used 2570K, capacity 2664K, committed 2688K, reserved 1048576K
}
Event: 50.503 GC heap before
{Heap before GC invocations=55 (full 4):
 PSYoungGen      total 680960K, used 674589K [0x00000000d5580000, 0x0000000100000000, 0x0000000100000000)
  eden space 663040K, 100% used [0x00000000d5580000,0x00000000fdd00000,0x00000000fdd00000)
  from space 17920K, 64% used [0x00000000fee80000,0x00000000ff9c7498,0x0000000100000000)
  to   space 17920K, 0% used [0x00000000fdd00000,0x00000000fdd00000,0x00000000fee80000)
 ParOldGen       total 257024K, used 208523K [0x0000000080000000, 0x000000008fb00000, 0x00000000d5580000)
  object space 257024K, 81% used [0x0000000080000000,0x000000008cba2e00,0x000000008fb00000)
 Metaspace       used 23187K, capacity 23496K, committed 23680K, reserved 1071104K
  class space    used 2570K, capacity 2664K, committed 2688K, reserved 1048576K
Event: 50.521 GC heap after
Heap after GC invocations=55 (full 4):
 PSYoungGen      total 680960K, used 11202K [0x00000000d5580000, 0x0000000100000000, 0x0000000100000000)
  eden space 663040K, 0% used [0x00000000d5580000,0x00000000d5580000,0x00000000fdd00000)
  from space 17920K, 62% used [0x00000000fdd00000,0x00000000fe7f0830,0x00000000fee80000)
  to   space 17920K, 0% used [0x00000000fee80000,0x00000000fee80000,0x0000000100000000)
 ParOldGen       total 257024K, used 211363K [0x0000000080000000, 0x000000008fb00000, 0x00000000d5580000)
  object space 257024K, 82% used [0x0000000080000000,0x000000008ce68e00,0x000000008fb00000)
 Metaspace       used 23187K, capacity 23496K, committed 23680K, reserved 1071104K
  class space    used 2570K, capacity 2664K, committed 2688K, reserved 1048576K
}
Event: 50.667 GC heap before
{Heap before GC invocations=56 (full 4):
 PSYoungGen      total 680960K, used 674242K [0x00000000d5580000, 0x0000000100000000, 0x0000000100000000)
  eden space 663040K, 100% used [0x00000000d5580000,0x00000000fdd00000,0x00000000fdd00000)
  from space 17920K, 62% used [0x00000000fdd00000,0x00000000fe7f0830,0x00000000fee80000)
  to   space 17920K, 0% used [0x00000000fee80000,0x00000000fee80000,0x0000000100000000)
 ParOldGen       total 257024K, used 211363K [0x0000000080000000, 0x000000008fb00000, 0x00000000d5580000)
  object space 257024K, 82% used [0x0000000080000000,0x000000008ce68e00,0x000000008fb00000)
 Metaspace       used 23187K, capacity 23496K, committed 23680K, reserved 1071104K
  class space    used 2570K, capacity 2664K, committed 2688K, reserved 1048576K
Event: 50.688 GC heap after
Heap after GC invocations=56 (full 4):
 PSYoungGen      total 678912K, used 8456K [0x00000000d5580000, 0x00000000ffe00000, 0x0000000100000000)
  eden space 663040K, 0% used [0x00000000d5580000,0x00000000d5580000,0x00000000fdd00000)
  from space 15872K, 53% used [0x00000000fee80000,0x00000000ff6c23d8,0x00000000ffe00000)
  to   space 16896K, 0% used [0x00000000fdd00000,0x00000000fdd00000,0x00000000fed80000)
 ParOldGen       total 257024K, used 216907K [0x0000000080000000, 0x000000008fb00000, 0x00000000d5580000)
  object space 257024K, 84% used [0x0000000080000000,0x000000008d3d2e00,0x000000008fb00000)
 Metaspace       used 23187K, capacity 23496K, committed 23680K, reserved 1071104K
  class space    used 2570K, capacity 2664K, committed 2688K, reserved 1048576K
}
Event: 50.833 GC heap before
{Heap before GC invocations=57 (full 4):
 PSYoungGen      total 678912K, used 671496K [0x00000000d5580000, 0x00000000ffe00000, 0x0000000100000000)
  eden space 663040K, 100% used [0x00000000d5580000,0x00000000fdd00000,0x00000000fdd00000)
  from space 15872K, 53% used [0x00000000fee80000,0x00000000ff6c23d8,0x00000000ffe00000)
  to   space 16896K, 0% used [0x00000000fdd00000,0x00000000fdd00000,0x00000000fed80000)
 ParOldGen       total 257024K, used 216907K [0x0000000080000000, 0x000000008fb00000, 0x00000000d5580000)
  object space 257024K, 84% used [0x0000000080000000,0x000000008d3d2e00,0x000000008fb00000)
 Metaspace       used 23187K, capacity 23496K, committed 23680K, reserved 1071104K
  class space    used 2570K, capacity 2664K, committed 2688K, reserved 1048576K
Event: 50.850 GC heap after
Heap after GC invocations=57 (full 4):
 PSYoungGen      total 679936K, used 5513K [0x00000000d5580000, 0x0000000100000000, 0x0000000100000000)
  eden space 663040K, 0% used [0x00000000d5580000,0x00000000d5580000,0x00000000fdd00000)
  from space 16896K, 32% used [0x00000000fdd00000,0x00000000fe262750,0x00000000fed80000)
  to   space 16896K, 0% used [0x00000000fef80000,0x00000000fef80000,0x0000000100000000)
 ParOldGen       total 257024K, used 222291K [0x0000000080000000, 0x000000008fb00000, 0x00000000d5580000)
  object space 257024K, 86% used [0x0000000080000000,0x000000008d914e00,0x000000008fb00000)
 Metaspace       used 23187K, capacity 23496K, committed 23680K, reserved 1071104K
  class space    used 2570K, capacity 2664K, committed 2688K, reserved 1048576K
}
Event: 50.993 GC heap before
{Heap before GC invocations=58 (full 4):
 PSYoungGen      total 679936K, used 668553K [0x00000000d5580000, 0x0000000100000000, 0x0000000100000000)
  eden space 663040K, 100% used [0x00000000d5580000,0x00000000fdd00000,0x00000000fdd00000)
  from space 16896K, 32% used [0x00000000fdd00000,0x00000000fe262750,0x00000000fed80000)
  to   space 16896K, 0% used [0x00000000fef80000,0x00000000fef80000,0x0000000100000000)
 ParOldGen       total 257024K, used 222291K [0x0000000080000000, 0x000000008fb00000, 0x00000000d5580000)
  object space 257024K, 86% used [0x0000000080000000,0x000000008d914e00,0x000000008fb00000)
 Metaspace       used 23187K, capacity 23496K, committed 23680K, reserved 1071104K
  class space    used 2570K, capacity 2664K, committed 2688K, reserved 1048576K
Event: 51.006 GC heap after
Heap after GC invocations=58 (full 4):
 PSYoungGen      total 680960K, used 3060K [0x00000000d5580000, 0x0000000100000000, 0x0000000100000000)
  eden space 664064K, 0% used [0x00000000d5580000,0x00000000d5580000,0x00000000fde00000)
  from space 16896K, 18% used [0x00000000fef80000,0x00000000ff27d200,0x0000000100000000)
  to   space 17408K, 0% used [0x00000000fde00000,0x00000000fde00000,0x00000000fef00000)
 ParOldGen       total 257024K, used 227475K [0x0000000080000000, 0x000000008fb00000, 0x00000000d5580000)
  object space 257024K, 88% used [0x0000000080000000,0x000000008de24e00,0x000000008fb00000)
 Metaspace       used 23187K, capacity 23496K, committed 23680K, reserved 1071104K
  class space    used 2570K, capacity 2664K, committed 2688K, reserved 1048576K
}
Event: 51.154 GC heap before
{Heap before GC invocations=59 (full 4):
 PSYoungGen      total 680960K, used 667124K [0x00000000d5580000, 0x0000000100000000, 0x0000000100000000)
  eden space 664064K, 100% used [0x00000000d5580000,0x00000000fde00000,0x00000000fde00000)
  from space 16896K, 18% used [0x00000000fef80000,0x00000000ff27d200,0x0000000100000000)
  to   space 17408K, 0% used [0x00000000fde00000,0x00000000fde00000,0x00000000fef00000)
 ParOldGen       total 257024K, used 227475K [0x0000000080000000, 0x000000008fb00000, 0x00000000d5580000)
  object space 257024K, 88% used [0x0000000080000000,0x000000008de24e00,0x000000008fb00000)
 Metaspace       used 23187K, capacity 23496K, committed 23680K, reserved 1071104K
  class space    used 2570K, capacity 2664K, committed 2688K, reserved 1048576K
Event: 51.163 GC heap after
Heap after GC invocations=59 (full 4):
 PSYoungGen      total 681472K, used 2865K [0x00000000d5580000, 0x0000000100000000, 0x0000000100000000)
  eden space 664064K, 0% used [0x00000000d5580000,0x00000000d5580000,0x00000000fde00000)
  from space 17408K, 16% used [0x00000000fde00000,0x00000000fe0cc5c0,0x00000000fef00000)
  to   space 17408K, 0% used [0x00000000fef00000,0x00000000fef00000,0x0000000100000000)
 ParOldGen       total 257024K, used 230035K [0x0000000080000000, 0x000000008fb00000, 0x00000000d5580000)
  object space 257024K, 89% used [0x0000000080000000,0x000000008e0a4e00,0x000000008fb00000)
 Metaspace       used 23187K, capacity 23496K, committed 23680K, reserved 1071104K
  class space    used 2570K, capacity 2664K, committed 2688K, reserved 1048576K
}
Event: 51.310 GC heap before
{Heap before GC invocations=60 (full 4):
 PSYoungGen      total 681472K, used 666929K [0x00000000d5580000, 0x0000000100000000, 0x0000000100000000)
  eden space 664064K, 100% used [0x00000000d5580000,0x00000000fde00000,0x00000000fde00000)
  from space 17408K, 16% used [0x00000000fde00000,0x00000000fe0cc5c0,0x00000000fef00000)
  to   space 17408K, 0% used [0x00000000fef00000,0x00000000fef00000,0x0000000100000000)
 ParOldGen       total 257024K, used 230035K [0x0000000080000000, 0x000000008fb00000, 0x00000000d5580000)
  object space 257024K, 89% used [0x0000000080000000,0x000000008e0a4e00,0x000000008fb00000)
 Metaspace       used 23187K, capacity 23496K, committed 23680K, reserved 1071104K
  class space    used 2570K, capacity 2664K, committed 2688K, reserved 1048576K
Event: 51.318 GC heap after
Heap after GC invocations=60 (full 4):
 PSYoungGen      total 680448K, used 3039K [0x00000000d5580000, 0x00000000fff00000, 0x0000000100000000)
  eden space 664064K, 0% used [0x00000000d5580000,0x00000000d5580000,0x00000000fde00000)
  from space 16384K, 18% used [0x00000000fef00000,0x00000000ff1f7f28,0x00000000fff00000)
  to   space 16896K, 0% used [0x00000000fde00000,0x00000000fde00000,0x00000000fee80000)
 ParOldGen       total 257024K, used 232563K [0x0000000080000000, 0x000000008fb00000, 0x00000000d5580000)
  object space 257024K, 90% used [0x0000000080000000,0x000000008e31ce00,0x000000008fb00000)
 Metaspace       used 23187K, capacity 23496K, committed 23680K, reserved 1071104K
  class space    used 2570K, capacity 2664K, committed 2688K, reserved 1048576K
}
Event: 51.464 GC heap before
{Heap before GC invocations=61 (full 4):
 PSYoungGen      total 680448K, used 667103K [0x00000000d5580000, 0x00000000fff00000, 0x0000000100000000)
  eden space 664064K, 100% used [0x00000000d5580000,0x00000000fde00000,0x00000000fde00000)
  from space 16384K, 18% used [0x00000000fef00000,0x00000000ff1f7f28,0x00000000fff00000)
  to   space 16896K, 0% used [0x00000000fde00000,0x00000000fde00000,0x00000000fee80000)
 ParOldGen       total 257024K, used 232563K [0x0000000080000000, 0x000000008fb00000, 0x00000000d5580000)
  object space 257024K, 90% used [0x0000000080000000,0x000000008e31ce00,0x000000008fb00000)
 Metaspace       used 23187K, capacity 23496K, committed 23680K, reserved 1071104K
  class space    used 2570K, capacity 2664K, committed 2688K, reserved 1048576K
Event: 51.471 GC heap after
Heap after GC invocations=61 (full 4):
 PSYoungGen      total 680960K, used 5336K [0x00000000d5580000, 0x00000000fff80000, 0x0000000100000000)
  eden space 664064K, 0% used [0x00000000d5580000,0x00000000d5580000,0x00000000fde00000)
  from space 16896K, 31% used [0x00000000fde00000,0x00000000fe336380,0x00000000fee80000)
  to   space 16384K, 0% used [0x00000000fef80000,0x00000000fef80000,0x00000000fff80000)
 ParOldGen       total 257024K, used 232563K [0x0000000080000000, 0x000000008fb00000, 0x00000000d5580000)
  object space 257024K, 90% used [0x0000000080000000,0x000000008e31ce00,0x000000008fb00000)
 Metaspace       used 23187K, capacity 23496K, committed 23680K, reserved 1071104K
  class space    used 2570K, capacity 2664K, committed 2688K, reserved 1048576K
}
Event: 51.617 GC heap before
{Heap before GC invocations=62 (full 4):
 PSYoungGen      total 680960K, used 669400K [0x00000000d5580000, 0x00000000fff80000, 0x0000000100000000)
  eden space 664064K, 100% used [0x00000000d5580000,0x00000000fde00000,0x00000000fde00000)
  from space 16896K, 31% used [0x00000000fde00000,0x00000000fe336380,0x00000000fee80000)
  to   space 16384K, 0% used [0x00000000fef80000,0x00000000fef80000,0x00000000fff80000)
 ParOldGen       total 257024K, used 232563K [0x0000000080000000, 0x000000008fb00000, 0x00000000d5580000)
  object space 257024K, 90% used [0x0000000080000000,0x000000008e31ce00,0x000000008fb00000)
 Metaspace       used 23187K, capacity 23496K, committed 23680K, reserved 1071104K
  class space    used 2570K, capacity 2664K, committed 2688K, reserved 1048576K
Event: 51.626 GC heap after
Heap after GC invocations=62 (full 4):
 PSYoungGen      total 680960K, used 7946K [0x00000000d5580000, 0x00000000ffe80000, 0x0000000100000000)
  eden space 665600K, 0% used [0x00000000d5580000,0x00000000d5580000,0x00000000fdf80000)
  from space 15360K, 51% used [0x00000000fef80000,0x00000000ff742b68,0x00000000ffe80000)
  to   space 15872K, 0% used [0x00000000fdf80000,0x00000000fdf80000,0x00000000fef00000)
 ParOldGen       total 257024K, used 232563K [0x0000000080000000, 0x000000008fb00000, 0x00000000d5580000)
  object space 257024K, 90% used [0x0000000080000000,0x000000008e31ce00,0x000000008fb00000)
 Metaspace       used 23187K, capacity 23496K, committed 23680K, reserved 1071104K
  class space    used 2570K, capacity 2664K, committed 2688K, reserved 1048576K
}
Event: 51.770 GC heap before
{Heap before GC invocations=63 (full 4):
 PSYoungGen      total 680960K, used 673546K [0x00000000d5580000, 0x00000000ffe80000, 0x0000000100000000)
  eden space 665600K, 100% used [0x00000000d5580000,0x00000000fdf80000,0x00000000fdf80000)
  from space 15360K, 51% used [0x00000000fef80000,0x00000000ff742b68,0x00000000ffe80000)
  to   space 15872K, 0% used [0x00000000fdf80000,0x00000000fdf80000,0x00000000fef00000)
 ParOldGen       total 257024K, used 232563K [0x0000000080000000, 0x000000008fb00000, 0x00000000d5580000)
  object space 257024K, 90% used [0x0000000080000000,0x000000008e31ce00,0x000000008fb00000)
 Metaspace       used 23187K, capacity 23496K, committed 23680K, reserved 1071104K
  class space    used 2570K, capacity 2664K, committed 2688K, reserved 1048576K
Event: 51.782 GC heap after
Heap after GC invocations=63 (full 4):
 PSYoungGen      total 681472K, used 10416K [0x00000000d5580000, 0x0000000100000000, 0x0000000100000000)
  eden space 665600K, 0% used [0x00000000d5580000,0x00000000d5580000,0x00000000fdf80000)
  from space 15872K, 65% used [0x00000000fdf80000,0x00000000fe9ac130,0x00000000fef00000)
  to   space 16384K, 0% used [0x00000000ff000000,0x00000000ff000000,0x0000000100000000)
 ParOldGen       total 257024K, used 232563K [0x0000000080000000, 0x000000008fb00000, 0x00000000d5580000)
  object space 257024K, 90% used [0x0000000080000000,0x000000008e31ce00,0x000000008fb00000)
 Metaspace       used 23187K, capacity 23496K, committed 23680K, reserved 1071104K
  class space    used 2570K, capacity 2664K, committed 2688K, reserved 1048576K
}
Event: 51.928 GC heap before
{Heap before GC invocations=64 (full 4):
 PSYoungGen      total 681472K, used 676016K [0x00000000d5580000, 0x0000000100000000, 0x0000000100000000)
  eden space 665600K, 100% used [0x00000000d5580000,0x00000000fdf80000,0x00000000fdf80000)
  from space 15872K, 65% used [0x00000000fdf80000,0x00000000fe9ac130,0x00000000fef00000)
  to   space 16384K, 0% used [0x00000000ff000000,0x00000000ff000000,0x0000000100000000)
 ParOldGen       total 257024K, used 232563K [0x0000000080000000, 0x000000008fb00000, 0x00000000d5580000)
  object space 257024K, 90% used [0x0000000080000000,0x000000008e31ce00,0x000000008fb00000)
 Metaspace       used 23187K, capacity 23496K, committed 23680K, reserved 1071104K
  class space    used 2570K, capacity 2664K, committed 2688K, reserved 1048576K
Event: 51.942 GC heap after
Heap after GC invocations=64 (full 4):
 PSYoungGen      total 680448K, used 12611K [0x00000000d5580000, 0x0000000100000000, 0x0000000100000000)
  eden space 664064K, 0% used [0x00000000d5580000,0x00000000d5580000,0x00000000fde00000)
  from space 16384K, 76% used [0x00000000ff000000,0x00000000ffc50f20,0x0000000100000000)
  to   space 17408K, 0% used [0x00000000fde00000,0x00000000fde00000,0x00000000fef00000)
 ParOldGen       total 257024K, used 232563K [0x0000000080000000, 0x000000008fb00000, 0x00000000d5580000)
  object space 257024K, 90% used [0x0000000080000000,0x000000008e31ce00,0x000000008fb00000)
 Metaspace       used 23187K, capacity 23496K, committed 23680K, reserved 1071104K
  class space    used 2570K, capacity 2664K, committed 2688K, reserved 1048576K
}
Event: 52.086 GC heap before
{Heap before GC invocations=65 (full 4):
 PSYoungGen      total 680448K, used 676675K [0x00000000d5580000, 0x0000000100000000, 0x0000000100000000)
  eden space 664064K, 100% used [0x00000000d5580000,0x00000000fde00000,0x00000000fde00000)
  from space 16384K, 76% used [0x00000000ff000000,0x00000000ffc50f20,0x0000000100000000)
  to   space 17408K, 0% used [0x00000000fde00000,0x00000000fde00000,0x00000000fef00000)
 ParOldGen       total 257024K, used 232563K [0x0000000080000000, 0x000000008fb00000, 0x00000000d5580000)
  object space 257024K, 90% used [0x0000000080000000,0x000000008e31ce00,0x000000008fb00000)
 Metaspace       used 23187K, capacity 23496K, committed 23680K, reserved 1071104K
  class space    used 2570K, capacity 2664K, committed 2688K, reserved 1048576K
Event: 52.102 GC heap after
Heap after GC invocations=65 (full 4):
 PSYoungGen      total 679424K, used 14951K [0x00000000d5580000, 0x0000000100000000, 0x0000000100000000)
  eden space 664064K, 0% used [0x00000000d5580000,0x00000000d5580000,0x00000000fde00000)
  from space 15360K, 97% used [0x00000000fde00000,0x00000000fec99d50,0x00000000fed00000)
  to   space 18944K, 0% used [0x00000000fed80000,0x00000000fed80000,0x0000000100000000)
 ParOldGen       total 257024K, used 232563K [0x0000000080000000, 0x000000008fb00000, 0x00000000d5580000)
  object space 257024K, 90% used [0x0000000080000000,0x000000008e31ce00,0x000000008fb00000)
 Metaspace       used 23187K, capacity 23496K, committed 23680K, reserved 1071104K
  class space    used 2570K, capacity 2664K, committed 2688K, reserved 1048576K
}
Event: 52.248 GC heap before
{Heap before GC invocations=66 (full 4):
 PSYoungGen      total 679424K, used 679015K [0x00000000d5580000, 0x0000000100000000, 0x0000000100000000)
  eden space 664064K, 100% used [0x00000000d5580000,0x00000000fde00000,0x00000000fde00000)
  from space 15360K, 97% used [0x00000000fde00000,0x00000000fec99d50,0x00000000fed00000)
  to   space 18944K, 0% used [0x00000000fed80000,0x00000000fed80000,0x0000000100000000)
 ParOldGen       total 257024K, used 232563K [0x0000000080000000, 0x000000008fb00000, 0x00000000d5580000)
  object space 257024K, 90% used [0x0000000080000000,0x000000008e31ce00,0x000000008fb00000)
 Metaspace       used 23187K, capacity 23496K, committed 23680K, reserved 1071104K
  class space    used 2570K, capacity 2664K, committed 2688K, reserved 1048576K
Event: 52.266 GC heap after
Heap after GC invocations=66 (full 4):
 PSYoungGen      total 675840K, used 17472K [0x00000000d5580000, 0x0000000100000000, 0x0000000100000000)
  eden space 656896K, 0% used [0x00000000d5580000,0x00000000d5580000,0x00000000fd700000)
  from space 18944K, 92% used [0x00000000fed80000,0x00000000ffe90130,0x0000000100000000)
  to   space 20992K, 0% used [0x00000000fd700000,0x00000000fd700000,0x00000000feb80000)
 ParOldGen       total 257024K, used 232563K [0x0000000080000000, 0x000000008fb00000, 0x00000000d5580000)
  object space 257024K, 90% used [0x0000000080000000,0x000000008e31ce00,0x000000008fb00000)
 Metaspace       used 23187K, capacity 23496K, committed 23680K, reserved 1071104K
  class space    used 2570K, capacity 2664K, committed 2688K, reserved 1048576K
}
Event: 52.410 GC heap before
{Heap before GC invocations=67 (full 4):
 PSYoungGen      total 675840K, used 674368K [0x00000000d5580000, 0x0000000100000000, 0x0000000100000000)
  eden space 656896K, 100% used [0x00000000d5580000,0x00000000fd700000,0x00000000fd700000)
  from space 18944K, 92% used [0x00000000fed80000,0x00000000ffe90130,0x0000000100000000)
  to   space 20992K, 0% used [0x00000000fd700000,0x00000000fd700000,0x00000000feb80000)
 ParOldGen       total 257024K, used 232563K [0x0000000080000000, 0x000000008fb00000, 0x00000000d5580000)
  object space 257024K, 90% used [0x0000000080000000,0x000000008e31ce00,0x000000008fb00000)
 Metaspace       used 23187K, capacity 23496K, committed 23680K, reserved 1071104K
  class space    used 2570K, capacity 2664K, committed 2688K, reserved 1048576K
Event: 52.433 GC heap after
Heap after GC invocations=67 (full 4):
 PSYoungGen      total 674304K, used 17006K [0x00000000d5580000, 0x0000000100000000, 0x0000000100000000)
  eden space 656896K, 0% used [0x00000000d5580000,0x00000000d5580000,0x00000000fd700000)
  from space 17408K, 97% used [0x00000000fd700000,0x00000000fe79b930,0x00000000fe800000)
  to   space 23040K, 0% used [0x00000000fe980000,0x00000000fe980000,0x0000000100000000)
 ParOldGen       total 257024K, used 235075K [0x0000000080000000, 0x000000008fb00000, 0x00000000d5580000)
  object space 257024K, 91% used [0x0000000080000000,0x000000008e590e00,0x000000008fb00000)
 Metaspace       used 23187K, capacity 23496K, committed 23680K, reserved 1071104K
  class space    used 2570K, capacity 2664K, committed 2688K, reserved 1048576K
}
Event: 52.579 GC heap before
{Heap before GC invocations=68 (full 4):
 PSYoungGen      total 674304K, used 673902K [0x00000000d5580000, 0x0000000100000000, 0x0000000100000000)
  eden space 656896K, 100% used [0x00000000d5580000,0x00000000fd700000,0x00000000fd700000)
  from space 17408K, 97% used [0x00000000fd700000,0x00000000fe79b930,0x00000000fe800000)
  to   space 23040K, 0% used [0x00000000fe980000,0x00000000fe980000,0x0000000100000000)
 ParOldGen       total 257024K, used 235075K [0x0000000080000000, 0x000000008fb00000, 0x00000000d5580000)
  object space 257024K, 91% used [0x0000000080000000,0x000000008e590e00,0x000000008fb00000)
 Metaspace       used 23187K, capacity 23496K, committed 23680K, reserved 1071104K
  class space    used 2570K, capacity 2664K, committed 2688K, reserved 1048576K
Event: 52.598 GC heap after
Heap after GC invocations=68 (full 4):
 PSYoungGen      total 673792K, used 16970K [0x00000000d5580000, 0x0000000100000000, 0x0000000100000000)
  eden space 650752K, 0% used [0x00000000d5580000,0x00000000d5580000,0x00000000fd100000)
  from space 23040K, 73% used [0x00000000fe980000,0x00000000ffa12a58,0x0000000100000000)
  to   space 24064K, 0% used [0x00000000fd100000,0x00000000fd100000,0x00000000fe880000)
 ParOldGen       total 257024K, used 237555K [0x0000000080000000, 0x000000008fb00000, 0x00000000d5580000)
  object space 257024K, 92% used [0x0000000080000000,0x000000008e7fce00,0x000000008fb00000)
 Metaspace       used 23187K, capacity 23496K, committed 23680K, reserved 1071104K
  class space    used 2570K, capacity 2664K, committed 2688K, reserved 1048576K
}
Event: 52.740 GC heap before
{Heap before GC invocations=69 (full 4):
 PSYoungGen      total 673792K, used 667722K [0x00000000d5580000, 0x0000000100000000, 0x0000000100000000)
  eden space 650752K, 100% used [0x00000000d5580000,0x00000000fd100000,0x00000000fd100000)
  from space 23040K, 73% used [0x00000000fe980000,0x00000000ffa12a58,0x0000000100000000)
  to   space 24064K, 0% used [0x00000000fd100000,0x00000000fd100000,0x00000000fe880000)
 ParOldGen       total 257024K, used 237555K [0x0000000080000000, 0x000000008fb00000, 0x00000000d5580000)
  object space 257024K, 92% used [0x0000000080000000,0x000000008e7fce00,0x000000008fb00000)
 Metaspace       used 23187K, capacity 23496K, committed 23680K, reserved 1071104K
  class space    used 2570K, capacity 2664K, committed 2688K, reserved 1048576K
Event: 52.762 GC heap after
Heap after GC invocations=69 (full 4):
 PSYoungGen      total 674816K, used 14133K [0x00000000d5580000, 0x0000000100000000, 0x0000000100000000)
  eden space 650752K, 0% used [0x00000000d5580000,0x00000000d5580000,0x00000000fd100000)
  from space 24064K, 58% used [0x00000000fd100000,0x00000000fdecd430,0x00000000fe880000)
  to   space 24064K, 0% used [0x00000000fe880000,0x00000000fe880000,0x0000000100000000)
 ParOldGen       total 257024K, used 242467K [0x0000000080000000, 0x000000008fb00000, 0x00000000d5580000)
  object space 257024K, 94% used [0x0000000080000000,0x000000008ecc8e00,0x000000008fb00000)
 Metaspace       used 23187K, capacity 23496K, committed 23680K, reserved 1071104K
  class space    used 2570K, capacity 2664K, committed 2688K, reserved 1048576K
}
Event: 52.907 GC heap before
{Heap before GC invocations=70 (full 4):
 PSYoungGen      total 674816K, used 664885K [0x00000000d5580000, 0x0000000100000000, 0x0000000100000000)
  eden space 650752K, 100% used [0x00000000d5580000,0x00000000fd100000,0x00000000fd100000)
  from space 24064K, 58% used [0x00000000fd100000,0x00000000fdecd430,0x00000000fe880000)
  to   space 24064K, 0% used [0x00000000fe880000,0x00000000fe880000,0x0000000100000000)
 ParOldGen       total 257024K, used 242467K [0x0000000080000000, 0x000000008fb00000, 0x00000000d5580000)
  object space 257024K, 94% used [0x0000000080000000,0x000000008ecc8e00,0x000000008fb00000)
 Metaspace       used 23187K, capacity 23496K, committed 23680K, reserved 1071104K
  class space    used 2570K, capacity 2664K, committed 2688K, reserved 1048576K
Event: 52.927 GC heap after
Heap after GC invocations=70 (full 4):
 PSYoungGen      total 672768K, used 11732K [0x00000000d5580000, 0x00000000ffe00000, 0x0000000100000000)
  eden space 650752K, 0% used [0x00000000d5580000,0x00000000d5580000,0x00000000fd100000)
  from space 22016K, 53% used [0x00000000fe880000,0x00000000ff3f5260,0x00000000ffe00000)
  to   space 23040K, 0% used [0x00000000fd100000,0x00000000fd100000,0x00000000fe780000)
 ParOldGen       total 257024K, used 247211K [0x0000000080000000, 0x000000008fb00000, 0x00000000d5580000)
  object space 257024K, 96% used [0x0000000080000000,0x000000008f16ae00,0x000000008fb00000)
 Metaspace       used 23187K, capacity 23496K, committed 23680K, reserved 1071104K
  class space    used 2570K, capacity 2664K, committed 2688K, reserved 1048576K
}
Event: 53.072 GC heap before
{Heap before GC invocations=71 (full 4):
 PSYoungGen      total 672768K, used 662484K [0x00000000d5580000, 0x00000000ffe00000, 0x0000000100000000)
  eden space 650752K, 100% used [0x00000000d5580000,0x00000000fd100000,0x00000000fd100000)
  from space 22016K, 53% used [0x00000000fe880000,0x00000000ff3f5260,0x00000000ffe00000)
  to   space 23040K, 0% used [0x00000000fd100000,0x00000000fd100000,0x00000000fe780000)
 ParOldGen       total 257024K, used 247211K [0x0000000080000000, 0x000000008fb00000, 0x00000000d5580000)
  object space 257024K, 96% used [0x0000000080000000,0x000000008f16ae00,0x000000008fb00000)
 Metaspace       used 23187K, capacity 23496K, committed 23680K, reserved 1071104K
  class space    used 2570K, capacity 2664K, committed 2688K, reserved 1048576K
Event: 53.089 GC heap after
Heap after GC invocations=71 (full 4):
 PSYoungGen      total 673792K, used 9337K [0x00000000d5580000, 0x00000000fff00000, 0x0000000100000000)
  eden space 650752K, 0% used [0x00000000d5580000,0x00000000d5580000,0x00000000fd100000)
  from space 23040K, 40% used [0x00000000fd100000,0x00000000fda1e628,0x00000000fe780000)
  to   space 22016K, 0% used [0x00000000fe980000,0x00000000fe980000,0x00000000fff00000)
 ParOldGen       total 257024K, used 251787K [0x0000000080000000, 0x000000008fb00000, 0x00000000d5580000)
  object space 257024K, 97% used [0x0000000080000000,0x000000008f5e2e00,0x000000008fb00000)
 Metaspace       used 23187K, capacity 23496K, committed 23680K, reserved 1071104K
  class space    used 2570K, capacity 2664K, committed 2688K, reserved 1048576K
}
Event: 53.089 GC heap before
{Heap before GC invocations=72 (full 5):
 PSYoungGen      total 673792K, used 9337K [0x00000000d5580000, 0x00000000fff00000, 0x0000000100000000)
  eden space 650752K, 0% used [0x00000000d5580000,0x00000000d5580000,0x00000000fd100000)
  from space 23040K, 40% used [0x00000000fd100000,0x00000000fda1e628,0x00000000fe780000)
  to   space 22016K, 0% used [0x00000000fe980000,0x00000000fe980000,0x00000000fff00000)
 ParOldGen       total 257024K, used 251787K [0x0000000080000000, 0x000000008fb00000, 0x00000000d5580000)
  object space 257024K, 97% used [0x0000000080000000,0x000000008f5e2e00,0x000000008fb00000)
 Metaspace       used 23187K, capacity 23496K, committed 23680K, reserved 1071104K
  class space    used 2570K, capacity 2664K, committed 2688K, reserved 1048576K
Event: 53.773 GC heap after
Heap after GC invocations=72 (full 5):
 PSYoungGen      total 673792K, used 1651K [0x00000000d5580000, 0x00000000fff00000, 0x0000000100000000)
  eden space 650752K, 0% used [0x00000000d5580000,0x00000000d5580000,0x00000000fd100000)
  from space 23040K, 7% used [0x00000000fd100000,0x00000000fd29ce88,0x00000000fe780000)
  to   space 22016K, 0% used [0x00000000fe980000,0x00000000fe980000,0x00000000fff00000)
 ParOldGen       total 344576K, used 256733K [0x0000000080000000, 0x0000000095080000, 0x00000000d5580000)
  object space 344576K, 74% used [0x0000000080000000,0x000000008fab7728,0x0000000095080000)
 Metaspace       used 23187K, capacity 23496K, committed 23680K, reserved 1071104K
  class space    used 2570K, capacity 2664K, committed 2688K, reserved 1048576K
}
Event: 53.916 GC heap before
{Heap before GC invocations=73 (full 5):
 PSYoungGen      total 673792K, used 652403K [0x00000000d5580000, 0x00000000fff00000, 0x0000000100000000)
  eden space 650752K, 100% used [0x00000000d5580000,0x00000000fd100000,0x00000000fd100000)
  from space 23040K, 7% used [0x00000000fd100000,0x00000000fd29ce88,0x00000000fe780000)
  to   space 22016K, 0% used [0x00000000fe980000,0x00000000fe980000,0x00000000fff00000)
 ParOldGen       total 344576K, used 256733K [0x0000000080000000, 0x0000000095080000, 0x00000000d5580000)
  object space 344576K, 74% used [0x0000000080000000,0x000000008fab7728,0x0000000095080000)
 Metaspace       used 23187K, capacity 23496K, committed 23680K, reserved 1071104K
  class space    used 2570K, capacity 2664K, committed 2688K, reserved 1048576K
Event: 53.967 GC heap after
Heap after GC invocations=73 (full 5):
 PSYoungGen      total 675328K, used 3351K [0x00000000d5580000, 0x0000000100000000, 0x0000000100000000)
  eden space 653312K, 0% used [0x00000000d5580000,0x00000000d5580000,0x00000000fd380000)
  from space 22016K, 15% used [0x00000000fe980000,0x00000000fecc5fc8,0x00000000fff00000)
  to   space 22528K, 0% used [0x00000000fd380000,0x00000000fd380000,0x00000000fe980000)
 ParOldGen       total 344576K, used 257821K [0x0000000080000000, 0x0000000095080000, 0x00000000d5580000)
  object space 344576K, 74% used [0x0000000080000000,0x000000008fbc7728,0x0000000095080000)
 Metaspace       used 23187K, capacity 23496K, committed 23680K, reserved 1071104K
  class space    used 2570K, capacity 2664K, committed 2688K, reserved 1048576K
}
Event: 54.120 GC heap before
{Heap before GC invocations=74 (full 5):
 PSYoungGen      total 675328K, used 656663K [0x00000000d5580000, 0x0000000100000000, 0x0000000100000000)
  eden space 653312K, 100% used [0x00000000d5580000,0x00000000fd380000,0x00000000fd380000)
  from space 22016K, 15% used [0x00000000fe980000,0x00000000fecc5fc8,0x00000000fff00000)
  to   space 22528K, 0% used [0x00000000fd380000,0x00000000fd380000,0x00000000fe980000)
 ParOldGen       total 344576K, used 257821K [0x0000000080000000, 0x0000000095080000, 0x00000000d5580000)
  object space 344576K, 74% used [0x0000000080000000,0x000000008fbc7728,0x0000000095080000)
 Metaspace       used 23187K, capacity 23496K, committed 23680K, reserved 1071104K
  class space    used 2570K, capacity 2664K, committed 2688K, reserved 1048576K
Event: 54.131 GC heap after
Heap after GC invocations=74 (full 5):
 PSYoungGen      total 675840K, used 6299K [0x00000000d5580000, 0x00000000fff80000, 0x0000000100000000)
  eden space 653312K, 0% used [0x00000000d5580000,0x00000000d5580000,0x00000000fd380000)
  from space 22528K, 27% used [0x00000000fd380000,0x00000000fd9a6ed8,0x00000000fe980000)
  to   space 22016K, 0% used [0x00000000fea00000,0x00000000fea00000,0x00000000fff80000)
 ParOldGen       total 344576K, used 257821K [0x0000000080000000, 0x0000000095080000, 0x00000000d5580000)
  object space 344576K, 74% used [0x0000000080000000,0x000000008fbc7728,0x0000000095080000)
 Metaspace       used 23187K, capacity 23496K, committed 23680K, reserved 1071104K
  class space    used 2570K, capacity 2664K, committed 2688K, reserved 1048576K
}
Event: 54.272 GC heap before
{Heap before GC invocations=75 (full 5):
 PSYoungGen      total 675840K, used 659611K [0x00000000d5580000, 0x00000000fff80000, 0x0000000100000000)
  eden space 653312K, 100% used [0x00000000d5580000,0x00000000fd380000,0x00000000fd380000)
  from space 22528K, 27% used [0x00000000fd380000,0x00000000fd9a6ed8,0x00000000fe980000)
  to   space 22016K, 0% used [0x00000000fea00000,0x00000000fea00000,0x00000000fff80000)
 ParOldGen       total 344576K, used 257821K [0x0000000080000000, 0x0000000095080000, 0x00000000d5580000)
  object space 344576K, 74% used [0x0000000080000000,0x000000008fbc7728,0x0000000095080000)
 Metaspace       used 23187K, capacity 23496K, committed 23680K, reserved 1071104K
  class space    used 2570K, capacity 2664K, committed 2688K, reserved 1048576K
Event: 54.283 GC heap after
Heap after GC invocations=75 (full 5):
 PSYoungGen      total 674304K, used 8414K [0x00000000d5580000, 0x00000000ffd80000, 0x0000000100000000)
  eden space 654336K, 0% used [0x00000000d5580000,0x00000000d5580000,0x00000000fd480000)
  from space 19968K, 42% used [0x00000000fea00000,0x00000000ff237bb8,0x00000000ffd80000)
  to   space 20992K, 0% used [0x00000000fd480000,0x00000000fd480000,0x00000000fe900000)
 ParOldGen       total 344576K, used 257821K [0x0000000080000000, 0x0000000095080000, 0x00000000d5580000)
  object space 344576K, 74% used [0x0000000080000000,0x000000008fbc7728,0x0000000095080000)
 Metaspace       used 23187K, capacity 23496K, committed 23680K, reserved 1071104K
  class space    used 2570K, capacity 2664K, committed 2688K, reserved 1048576K
}
Event: 54.425 GC heap before
{Heap before GC invocations=76 (full 5):
 PSYoungGen      total 674304K, used 662750K [0x00000000d5580000, 0x00000000ffd80000, 0x0000000100000000)
  eden space 654336K, 100% used [0x00000000d5580000,0x00000000fd480000,0x00000000fd480000)
  from space 19968K, 42% used [0x00000000fea00000,0x00000000ff237bb8,0x00000000ffd80000)
  to   space 20992K, 0% used [0x00000000fd480000,0x00000000fd480000,0x00000000fe900000)
 ParOldGen       total 344576K, used 257821K [0x0000000080000000, 0x0000000095080000, 0x00000000d5580000)
  object space 344576K, 74% used [0x0000000080000000,0x000000008fbc7728,0x0000000095080000)
 Metaspace       used 23187K, capacity 23496K, committed 23680K, reserved 1071104K
  class space    used 2570K, capacity 2664K, committed 2688K, reserved 1048576K
Event: 54.436 GC heap after
Heap after GC invocations=76 (full 5):
 PSYoungGen      total 675328K, used 10498K [0x00000000d5580000, 0x00000000fff00000, 0x0000000100000000)
  eden space 654336K, 0% used [0x00000000d5580000,0x00000000d5580000,0x00000000fd480000)
  from space 20992K, 50% used [0x00000000fd480000,0x00000000fdec0888,0x00000000fe900000)
  to   space 19968K, 0% used [0x00000000feb80000,0x00000000feb80000,0x00000000fff00000)
 ParOldGen       total 344576K, used 257821K [0x0000000080000000, 0x0000000095080000, 0x00000000d5580000)
  object space 344576K, 74% used [0x0000000080000000,0x000000008fbc7728,0x0000000095080000)
 Metaspace       used 23187K, capacity 23496K, committed 23680K, reserved 1071104K
  class space    used 2570K, capacity 2664K, committed 2688K, reserved 1048576K
}
Event: 54.581 GC heap before
{Heap before GC invocations=77 (full 5):
 PSYoungGen      total 675328K, used 664834K [0x00000000d5580000, 0x00000000fff00000, 0x0000000100000000)
  eden space 654336K, 100% used [0x00000000d5580000,0x00000000fd480000,0x00000000fd480000)
  from space 20992K, 50% used [0x00000000fd480000,0x00000000fdec0888,0x00000000fe900000)
  to   space 19968K, 0% used [0x00000000feb80000,0x00000000feb80000,0x00000000fff00000)
 ParOldGen       total 344576K, used 257821K [0x0000000080000000, 0x0000000095080000, 0x00000000d5580000)
  object space 344576K, 74% used [0x0000000080000000,0x000000008fbc7728,0x0000000095080000)
 Metaspace       used 23187K, capacity 23496K, committed 23680K, reserved 1071104K
  class space    used 2570K, capacity 2664K, committed 2688K, reserved 1048576K
Event: 54.594 GC heap after
Heap after GC invocations=77 (full 5):
 PSYoungGen      total 677888K, used 12747K [0x00000000d5580000, 0x00000000fff00000, 0x0000000100000000)
  eden space 657920K, 0% used [0x00000000d5580000,0x00000000d5580000,0x00000000fd800000)
  from space 19968K, 63% used [0x00000000feb80000,0x00000000ff7f2cf0,0x00000000fff00000)
  to   space 19968K, 0% used [0x00000000fd800000,0x00000000fd800000,0x00000000feb80000)
 ParOldGen       total 344576K, used 257821K [0x0000000080000000, 0x0000000095080000, 0x00000000d5580000)
  object space 344576K, 74% used [0x0000000080000000,0x000000008fbc7728,0x0000000095080000)
 Metaspace       used 23187K, capacity 23496K, committed 23680K, reserved 1071104K
  class space    used 2570K, capacity 2664K, committed 2688K, reserved 1048576K
}
Event: 54.738 GC heap before
{Heap before GC invocations=78 (full 5):
 PSYoungGen      total 677888K, used 670667K [0x00000000d5580000, 0x00000000fff00000, 0x0000000100000000)
  eden space 657920K, 100% used [0x00000000d5580000,0x00000000fd800000,0x00000000fd800000)
  from space 19968K, 63% used [0x00000000feb80000,0x00000000ff7f2cf0,0x00000000fff00000)
  to   space 19968K, 0% used [0x00000000fd800000,0x00000000fd800000,0x00000000feb80000)
 ParOldGen       total 344576K, used 257821K [0x0000000080000000, 0x0000000095080000, 0x00000000d5580000)
  object space 344576K, 74% used [0x0000000080000000,0x000000008fbc7728,0x0000000095080000)
 Metaspace       used 23187K, capacity 23496K, committed 23680K, reserved 1071104K
  class space    used 2570K, capacity 2664K, committed 2688K, reserved 1048576K
Event: 54.752 GC heap after
Heap after GC invocations=78 (full 5):
 PSYoungGen      total 677888K, used 14799K [0x00000000d5580000, 0x0000000100000000, 0x0000000100000000)
  eden space 657920K, 0% used [0x00000000d5580000,0x00000000d5580000,0x00000000fd800000)
  from space 19968K, 74% used [0x00000000fd800000,0x00000000fe673ff0,0x00000000feb80000)
  to   space 20992K, 0% used [0x00000000feb80000,0x00000000feb80000,0x0000000100000000)
 ParOldGen       total 344576K, used 257821K [0x0000000080000000, 0x0000000095080000, 0x00000000d5580000)
  object space 344576K, 74% used [0x0000000080000000,0x000000008fbc7728,0x0000000095080000)
 Metaspace       used 23187K, capacity 23496K, committed 23680K, reserved 1071104K
  class space    used 2570K, capacity 2664K, committed 2688K, reserved 1048576K
}
Event: 54.895 GC heap before
{Heap before GC invocations=79 (full 5):
 PSYoungGen      total 677888K, used 672719K [0x00000000d5580000, 0x0000000100000000, 0x0000000100000000)
  eden space 657920K, 100% used [0x00000000d5580000,0x00000000fd800000,0x00000000fd800000)
  from space 19968K, 74% used [0x00000000fd800000,0x00000000fe673ff0,0x00000000feb80000)
  to   space 20992K, 0% used [0x00000000feb80000,0x00000000feb80000,0x0000000100000000)
 ParOldGen       total 344576K, used 257821K [0x0000000080000000, 0x0000000095080000, 0x00000000d5580000)
  object space 344576K, 74% used [0x0000000080000000,0x000000008fbc7728,0x0000000095080000)
 Metaspace       used 23187K, capacity 23496K, committed 23680K, reserved 1071104K
  class space    used 2570K, capacity 2664K, committed 2688K, reserved 1048576K
Event: 54.911 GC heap after
Heap after GC invocations=79 (full 5):
 PSYoungGen      total 675840K, used 16651K [0x00000000d5580000, 0x0000000100000000, 0x0000000100000000)
  eden space 654848K, 0% used [0x00000000d5580000,0x00000000d5580000,0x00000000fd500000)
  from space 20992K, 79% used [0x00000000feb80000,0x00000000ffbc2e88,0x0000000100000000)
  to   space 22016K, 0% used [0x00000000fd500000,0x00000000fd500000,0x00000000fea80000)
 ParOldGen       total 344576K, used 257821K [0x0000000080000000, 0x0000000095080000, 0x00000000d5580000)
  object space 344576K, 74% used [0x0000000080000000,0x000000008fbc7728,0x0000000095080000)
 Metaspace       used 23187K, capacity 23496K, committed 23680K, reserved 1071104K
  class space    used 2570K, capacity 2664K, committed 2688K, reserved 1048576K
}
Event: 55.057 GC heap before
{Heap before GC invocations=80 (full 5):
 PSYoungGen      total 675840K, used 671499K [0x00000000d5580000, 0x0000000100000000, 0x0000000100000000)
  eden space 654848K, 100% used [0x00000000d5580000,0x00000000fd500000,0x00000000fd500000)
  from space 20992K, 79% used [0x00000000feb80000,0x00000000ffbc2e88,0x0000000100000000)
  to   space 22016K, 0% used [0x00000000fd500000,0x00000000fd500000,0x00000000fea80000)
 ParOldGen       total 344576K, used 257821K [0x0000000080000000, 0x0000000095080000, 0x00000000d5580000)
  object space 344576K, 74% used [0x0000000080000000,0x000000008fbc7728,0x0000000095080000)
 Metaspace       used 23187K, capacity 23496K, committed 23680K, reserved 1071104K
  class space    used 2570K, capacity 2664K, committed 2688K, reserved 1048576K
Event: 55.075 GC heap after
Heap after GC invocations=80 (full 5):
 PSYoungGen      total 673792K, used 18670K [0x00000000d5580000, 0x0000000100000000, 0x0000000100000000)
  eden space 654848K, 0% used [0x00000000d5580000,0x00000000d5580000,0x00000000fd500000)
  from space 18944K, 98% used [0x00000000fd500000,0x00000000fe73bae8,0x00000000fe780000)
  to   space 24064K, 0% used [0x00000000fe880000,0x00000000fe880000,0x0000000100000000)
 ParOldGen       total 344576K, used 257821K [0x0000000080000000, 0x0000000095080000, 0x00000000d5580000)
  object space 344576K, 74% used [0x0000000080000000,0x000000008fbc7728,0x0000000095080000)
 Metaspace       used 23187K, capacity 23496K, committed 23680K, reserved 1071104K
  class space    used 2570K, capacity 2664K, committed 2688K, reserved 1048576K
}
Event: 55.219 GC heap before
{Heap before GC invocations=81 (full 5):
 PSYoungGen      total 673792K, used 673518K [0x00000000d5580000, 0x0000000100000000, 0x0000000100000000)
  eden space 654848K, 100% used [0x00000000d5580000,0x00000000fd500000,0x00000000fd500000)
  from space 18944K, 98% used [0x00000000fd500000,0x00000000fe73bae8,0x00000000fe780000)
  to   space 24064K, 0% used [0x00000000fe880000,0x00000000fe880000,0x0000000100000000)
 ParOldGen       total 344576K, used 257821K [0x0000000080000000, 0x0000000095080000, 0x00000000d5580000)
  object space 344576K, 74% used [0x0000000080000000,0x000000008fbc7728,0x0000000095080000)
 Metaspace       used 23187K, capacity 23496K, committed 23680K, reserved 1071104K
  class space    used 2570K, capacity 2664K, committed 2688K, reserved 1048576K
Event: 55.241 GC heap after
Heap after GC invocations=81 (full 5):
 PSYoungGen      total 671744K, used 20418K [0x00000000d5580000, 0x0000000100000000, 0x0000000100000000)
  eden space 647680K, 0% used [0x00000000d5580000,0x00000000d5580000,0x00000000fce00000)
  from space 24064K, 84% used [0x00000000fe880000,0x00000000ffc70950,0x0000000100000000)
  to   space 25600K, 0% used [0x00000000fce00000,0x00000000fce00000,0x00000000fe700000)
 ParOldGen       total 344576K, used 258201K [0x0000000080000000, 0x0000000095080000, 0x00000000d5580000)
  object space 344576K, 74% used [0x0000000080000000,0x000000008fc265d8,0x0000000095080000)
 Metaspace       used 23187K, capacity 23496K, committed 23680K, reserved 1071104K
  class space    used 2570K, capacity 2664K, committed 2688K, reserved 1048576K
}
Event: 55.382 GC heap before
{Heap before GC invocations=82 (full 5):
 PSYoungGen      total 671744K, used 668098K [0x00000000d5580000, 0x0000000100000000, 0x0000000100000000)
  eden space 647680K, 100% used [0x00000000d5580000,0x00000000fce00000,0x00000000fce00000)
  from space 24064K, 84% used [0x00000000fe880000,0x00000000ffc70950,0x0000000100000000)
  to   space 25600K, 0% used [0x00000000fce00000,0x00000000fce00000,0x00000000fe700000)
 ParOldGen       total 344576K, used 258201K [0x0000000080000000, 0x0000000095080000, 0x00000000d5580000)
  object space 344576K, 74% used [0x0000000080000000,0x000000008fc265d8,0x0000000095080000)
 Metaspace       used 23187K, capacity 23496K, committed 23680K, reserved 1071104K
  class space    used 2570K, capacity 2664K, committed 2688K, reserved 1048576K
Event: 55.405 GC heap after
Heap after GC invocations=82 (full 5):
 PSYoungGen      total 668160K, used 20009K [0x00000000d5580000, 0x0000000100000000, 0x0000000100000000)
  eden space 647680K, 0% used [0x00000000d5580000,0x00000000d5580000,0x00000000fce00000)
  from space 20480K, 97% used [0x00000000fce00000,0x00000000fe18a428,0x00000000fe200000)
  to   space 27136K, 0% used [0x00000000fe580000,0x00000000fe580000,0x0000000100000000)
 ParOldGen       total 344576K, used 260567K [0x0000000080000000, 0x0000000095080000, 0x00000000d5580000)
  object space 344576K, 75% used [0x0000000080000000,0x000000008fe75d30,0x0000000095080000)
 Metaspace       used 23187K, capacity 23496K, committed 23680K, reserved 1071104K
  class space    used 2570K, capacity 2664K, committed 2688K, reserved 1048576K
}
Event: 55.551 GC heap before
{Heap before GC invocations=83 (full 5):
 PSYoungGen      total 668160K, used 667689K [0x00000000d5580000, 0x0000000100000000, 0x0000000100000000)
  eden space 647680K, 100% used [0x00000000d5580000,0x00000000fce00000,0x00000000fce00000)
  from space 20480K, 97% used [0x00000000fce00000,0x00000000fe18a428,0x00000000fe200000)
  to   space 27136K, 0% used [0x00000000fe580000,0x00000000fe580000,0x0000000100000000)
 ParOldGen       total 344576K, used 260567K [0x0000000080000000, 0x0000000095080000, 0x00000000d5580000)
  object space 344576K, 75% used [0x0000000080000000,0x000000008fe75d30,0x0000000095080000)
 Metaspace       used 23187K, capacity 23496K, committed 23680K, reserved 1071104K
  class space    used 2570K, capacity 2664K, committed 2688K, reserved 1048576K
Event: 55.578 GC heap after
Heap after GC invocations=83 (full 5):
 PSYoungGen      total 671744K, used 16685K [0x00000000d5580000, 0x0000000100000000, 0x0000000100000000)
  eden space 644608K, 0% used [0x00000000d5580000,0x00000000d5580000,0x00000000fcb00000)
  from space 27136K, 61% used [0x00000000fe580000,0x00000000ff5cb618,0x0000000100000000)
  to   space 27136K, 0% used [0x00000000fcb00000,0x00000000fcb00000,0x00000000fe580000)
 ParOldGen       total 344576K, used 265847K [0x0000000080000000, 0x0000000095080000, 0x00000000d5580000)
  object space 344576K, 77% used [0x0000000080000000,0x000000009039dd40,0x0000000095080000)
 Metaspace       used 23187K, capacity 23496K, committed 23680K, reserved 1071104K
  class space    used 2570K, capacity 2664K, committed 2688K, reserved 1048576K
}
Event: 55.721 GC heap before
{Heap before GC invocations=84 (full 5):
 PSYoungGen      total 671744K, used 661293K [0x00000000d5580000, 0x0000000100000000, 0x0000000100000000)
  eden space 644608K, 100% used [0x00000000d5580000,0x00000000fcb00000,0x00000000fcb00000)
  from space 27136K, 61% used [0x00000000fe580000,0x00000000ff5cb618,0x0000000100000000)
  to   space 27136K, 0% used [0x00000000fcb00000,0x00000000fcb00000,0x00000000fe580000)
 ParOldGen       total 344576K, used 265847K [0x0000000080000000, 0x0000000095080000, 0x00000000d5580000)
  object space 344576K, 77% used [0x0000000080000000,0x000000009039dd40,0x0000000095080000)
 Metaspace       used 23187K, capacity 23496K, committed 23680K, reserved 1071104K
  class space    used 2570K, capacity 2664K, committed 2688K, reserved 1048576K
Event: 55.745 GC heap after
Heap after GC invocations=84 (full 5):
 PSYoungGen      total 671744K, used 17303K [0x00000000d5580000, 0x0000000100000000, 0x0000000100000000)
  eden space 644608K, 0% used [0x00000000d5580000,0x00000000d5580000,0x00000000fcb00000)
  from space 27136K, 63% used [0x00000000fcb00000,0x00000000fdbe5e98,0x00000000fe580000)
  to   space 27136K, 0% used [0x00000000fe580000,0x00000000fe580000,0x0000000100000000)
 ParOldGen       total 344576K, used 270023K [0x0000000080000000, 0x0000000095080000, 0x00000000d5580000)
  object space 344576K, 78% used [0x0000000080000000,0x00000000907b1d40,0x0000000095080000)
 Metaspace       used 23187K, capacity 23496K, committed 23680K, reserved 1071104K
  class space    used 2570K, capacity 2664K, committed 2688K, reserved 1048576K
}
Event: 55.889 GC heap before
{Heap before GC invocations=85 (full 5):
 PSYoungGen      total 671744K, used 661911K [0x00000000d5580000, 0x0000000100000000, 0x0000000100000000)
  eden space 644608K, 100% used [0x00000000d5580000,0x00000000fcb00000,0x00000000fcb00000)
  from space 27136K, 63% used [0x00000000fcb00000,0x00000000fdbe5e98,0x00000000fe580000)
  to   space 27136K, 0% used [0x00000000fe580000,0x00000000fe580000,0x0000000100000000)
 ParOldGen       total 344576K, used 270023K [0x0000000080000000, 0x0000000095080000, 0x00000000d5580000)
  object space 344576K, 78% used [0x0000000080000000,0x00000000907b1d40,0x0000000095080000)
 Metaspace       used 23187K, capacity 23496K, committed 23680K, reserved 1071104K
  class space    used 2570K, capacity 2664K, committed 2688K, reserved 1048576K
Event: 55.910 GC heap after
Heap after GC invocations=85 (full 5):
 PSYoungGen      total 669696K, used 15308K [0x00000000d5580000, 0x00000000ffe00000, 0x0000000100000000)
  eden space 644608K, 0% used [0x00000000d5580000,0x00000000d5580000,0x00000000fcb00000)
  from space 25088K, 61% used [0x00000000fe580000,0x00000000ff473300,0x00000000ffe00000)
  to   space 26112K, 0% used [0x00000000fcb00000,0x00000000fcb00000,0x00000000fe480000)
 ParOldGen       total 344576K, used 274143K [0x0000000080000000, 0x0000000095080000, 0x00000000d5580000)
  object space 344576K, 79% used [0x0000000080000000,0x0000000090bb7d40,0x0000000095080000)
 Metaspace       used 23187K, capacity 23496K, committed 23680K, reserved 1071104K
  class space    used 2570K, capacity 2664K, committed 2688K, reserved 1048576K
}
Event: 56.053 GC heap before
{Heap before GC invocations=86 (full 5):
 PSYoungGen      total 669696K, used 659916K [0x00000000d5580000, 0x00000000ffe00000, 0x0000000100000000)
  eden space 644608K, 100% used [0x00000000d5580000,0x00000000fcb00000,0x00000000fcb00000)
  from space 25088K, 61% used [0x00000000fe580000,0x00000000ff473300,0x00000000ffe00000)
  to   space 26112K, 0% used [0x00000000fcb00000,0x00000000fcb00000,0x00000000fe480000)
 ParOldGen       total 344576K, used 274143K [0x0000000080000000, 0x0000000095080000, 0x00000000d5580000)
  object space 344576K, 79% used [0x0000000080000000,0x0000000090bb7d40,0x0000000095080000)
 Metaspace       used 23187K, capacity 23496K, committed 23680K, reserved 1071104K
  class space    used 2570K, capacity 2664K, committed 2688K, reserved 1048576K
Event: 56.074 GC heap after
Heap after GC invocations=86 (full 5):
 PSYoungGen      total 670720K, used 13169K [0x00000000d5580000, 0x00000000fff00000, 0x0000000100000000)
  eden space 644608K, 0% used [0x00000000d5580000,0x00000000d5580000,0x00000000fcb00000)
  from space 26112K, 50% used [0x00000000fcb00000,0x00000000fd7dc490,0x00000000fe480000)
  to   space 25088K, 0% used [0x00000000fe680000,0x00000000fe680000,0x00000000fff00000)
 ParOldGen       total 344576K, used 278111K [0x0000000080000000, 0x0000000095080000, 0x00000000d5580000)
  object space 344576K, 80% used [0x0000000080000000,0x0000000090f97d40,0x0000000095080000)
 Metaspace       used 23187K, capacity 23496K, committed 23680K, reserved 1071104K
  class space    used 2570K, capacity 2664K, committed 2688K, reserved 1048576K
}
Event: 56.216 GC heap before
{Heap before GC invocations=87 (full 5):
 PSYoungGen      total 670720K, used 657777K [0x00000000d5580000, 0x00000000fff00000, 0x0000000100000000)
  eden space 644608K, 100% used [0x00000000d5580000,0x00000000fcb00000,0x00000000fcb00000)
  from space 26112K, 50% used [0x00000000fcb00000,0x00000000fd7dc490,0x00000000fe480000)
  to   space 25088K, 0% used [0x00000000fe680000,0x00000000fe680000,0x00000000fff00000)
 ParOldGen       total 344576K, used 278111K [0x0000000080000000, 0x0000000095080000, 0x00000000d5580000)
  object space 344576K, 80% used [0x0000000080000000,0x0000000090f97d40,0x0000000095080000)
 Metaspace       used 23187K, capacity 23496K, committed 23680K, reserved 1071104K
  class space    used 2570K, capacity 2664K, committed 2688K, reserved 1048576K
Event: 56.234 GC heap after
Heap after GC invocations=87 (full 5):
 PSYoungGen      total 671744K, used 11189K [0x00000000d5580000, 0x00000000ffe00000, 0x0000000100000000)
  eden space 647680K, 0% used [0x00000000d5580000,0x00000000d5580000,0x00000000fce00000)
  from space 24064K, 46% used [0x00000000fe680000,0x00000000ff16d5f8,0x00000000ffe00000)
  to   space 24576K, 0% used [0x00000000fce00000,0x00000000fce00000,0x00000000fe600000)
 ParOldGen       total 344576K, used 281967K [0x0000000080000000, 0x0000000095080000, 0x00000000d5580000)
  object space 344576K, 81% used [0x0000000080000000,0x000000009135bd40,0x0000000095080000)
 Metaspace       used 23187K, capacity 23496K, committed 23680K, reserved 1071104K
  class space    used 2570K, capacity 2664K, committed 2688K, reserved 1048576K
}
Event: 56.378 GC heap before
{Heap before GC invocations=88 (full 5):
 PSYoungGen      total 671744K, used 658869K [0x00000000d5580000, 0x00000000ffe00000, 0x0000000100000000)
  eden space 647680K, 100% used [0x00000000d5580000,0x00000000fce00000,0x00000000fce00000)
  from space 24064K, 46% used [0x00000000fe680000,0x00000000ff16d5f8,0x00000000ffe00000)
  to   space 24576K, 0% used [0x00000000fce00000,0x00000000fce00000,0x00000000fe600000)
 ParOldGen       total 344576K, used 281967K [0x0000000080000000, 0x0000000095080000, 0x00000000d5580000)
  object space 344576K, 81% used [0x0000000080000000,0x000000009135bd40,0x0000000095080000)
 Metaspace       used 23187K, capacity 23496K, committed 23680K, reserved 1071104K
  class space    used 2570K, capacity 2664K, committed 2688K, reserved 1048576K
Event: 56.394 GC heap after
Heap after GC invocations=88 (full 5):
 PSYoungGen      total 672256K, used 6147K [0x00000000d5580000, 0x0000000100000000, 0x0000000100000000)
  eden space 647680K, 0% used [0x00000000d5580000,0x00000000d5580000,0x00000000fce00000)
  from space 24576K, 25% used [0x00000000fce00000,0x00000000fd400df0,0x00000000fe600000)
  to   space 25088K, 0% used [0x00000000fe780000,0x00000000fe780000,0x0000000100000000)
 ParOldGen       total 344576K, used 288837K [0x0000000080000000, 0x0000000095080000, 0x00000000d5580000)
  object space 344576K, 83% used [0x0000000080000000,0x0000000091a116b8,0x0000000095080000)
 Metaspace       used 23187K, capacity 23496K, committed 23680K, reserved 1071104K
  class space    used 2570K, capacity 2664K, committed 2688K, reserved 1048576K
}
Event: 56.541 GC heap before
{Heap before GC invocations=89 (full 5):
 PSYoungGen      total 672256K, used 653827K [0x00000000d5580000, 0x0000000100000000, 0x0000000100000000)
  eden space 647680K, 100% used [0x00000000d5580000,0x00000000fce00000,0x00000000fce00000)
  from space 24576K, 25% used [0x00000000fce00000,0x00000000fd400df0,0x00000000fe600000)
  to   space 25088K, 0% used [0x00000000fe780000,0x00000000fe780000,0x0000000100000000)
 ParOldGen       total 344576K, used 288837K [0x0000000080000000, 0x0000000095080000, 0x00000000d5580000)
  object space 344576K, 83% used [0x0000000080000000,0x0000000091a116b8,0x0000000095080000)
 Metaspace       used 23187K, capacity 23496K, committed 23680K, reserved 1071104K
  class space    used 2570K, capacity 2664K, committed 2688K, reserved 1048576K
Event: 56.558 GC heap after
Heap after GC invocations=89 (full 5):
 PSYoungGen      total 673792K, used 4295K [0x00000000d5580000, 0x0000000100000000, 0x0000000100000000)
  eden space 648704K, 0% used [0x00000000d5580000,0x00000000d5580000,0x00000000fcf00000)
  from space 25088K, 17% used [0x00000000fe780000,0x00000000febb1f48,0x0000000100000000)
  to   space 25088K, 0% used [0x00000000fcf00000,0x00000000fcf00000,0x00000000fe780000)
 ParOldGen       total 344576K, used 292533K [0x0000000080000000, 0x0000000095080000, 0x00000000d5580000)
  object space 344576K, 84% used [0x0000000080000000,0x0000000091dad6b8,0x0000000095080000)
 Metaspace       used 23187K, capacity 23496K, committed 23680K, reserved 1071104K
  class space    used 2570K, capacity 2664K, committed 2688K, reserved 1048576K
}
Event: 57.985 GC heap before
{Heap before GC invocations=90 (full 5):
 PSYoungGen      total 673792K, used 652999K [0x00000000d5580000, 0x0000000100000000, 0x0000000100000000)
  eden space 648704K, 100% used [0x00000000d5580000,0x00000000fcf00000,0x00000000fcf00000)
  from space 25088K, 17% used [0x00000000fe780000,0x00000000febb1f48,0x0000000100000000)
  to   space 25088K, 0% used [0x00000000fcf00000,0x00000000fcf00000,0x00000000fe780000)
 ParOldGen       total 344576K, used 292533K [0x0000000080000000, 0x0000000095080000, 0x00000000d5580000)
  object space 344576K, 84% used [0x0000000080000000,0x0000000091dad6b8,0x0000000095080000)
 Metaspace       used 23344K, capacity 23624K, committed 23936K, reserved 1071104K
  class space    used 2570K, capacity 2664K, committed 2688K, reserved 1048576K
Event: 58.040 GC heap after
Heap after GC invocations=90 (full 5):
 PSYoungGen      total 665600K, used 16789K [0x00000000d5580000, 0x0000000100000000, 0x0000000100000000)
  eden space 648704K, 0% used [0x00000000d5580000,0x00000000d5580000,0x00000000fcf00000)
  from space 16896K, 99% used [0x00000000fcf00000,0x00000000fdf65538,0x00000000fdf80000)
  to   space 25600K, 0% used [0x00000000fe700000,0x00000000fe700000,0x0000000100000000)
 ParOldGen       total 344576K, used 296181K [0x0000000080000000, 0x0000000095080000, 0x00000000d5580000)
  object space 344576K, 85% used [0x0000000080000000,0x000000009213d6b8,0x0000000095080000)
 Metaspace       used 23344K, capacity 23624K, committed 23936K, reserved 1071104K
  class space    used 2570K, capacity 2664K, committed 2688K, reserved 1048576K
}
Event: 59.259 GC heap before
{Heap before GC invocations=91 (full 5):
 PSYoungGen      total 665600K, used 665493K [0x00000000d5580000, 0x0000000100000000, 0x0000000100000000)
  eden space 648704K, 100% used [0x00000000d5580000,0x00000000fcf00000,0x00000000fcf00000)
  from space 16896K, 99% used [0x00000000fcf00000,0x00000000fdf65538,0x00000000fdf80000)
  to   space 25600K, 0% used [0x00000000fe700000,0x00000000fe700000,0x0000000100000000)
 ParOldGen       total 344576K, used 296181K [0x0000000080000000, 0x0000000095080000, 0x00000000d5580000)
  object space 344576K, 85% used [0x0000000080000000,0x000000009213d6b8,0x0000000095080000)
 Metaspace       used 23344K, capacity 23624K, committed 23936K, reserved 1071104K
  class space    used 2570K, capacity 2664K, committed 2688K, reserved 1048576K
Event: 59.352 GC heap after
Heap after GC invocations=91 (full 5):
 PSYoungGen      total 674304K, used 12008K [0x00000000d5580000, 0x0000000100000000, 0x0000000100000000)
  eden space 648704K, 0% used [0x00000000d5580000,0x00000000d5580000,0x00000000fcf00000)
  from space 25600K, 46% used [0x00000000fe700000,0x00000000ff2ba058,0x0000000100000000)
  to   space 24576K, 0% used [0x00000000fcf00000,0x00000000fcf00000,0x00000000fe700000)
 ParOldGen       total 344576K, used 312950K [0x0000000080000000, 0x0000000095080000, 0x00000000d5580000)
  object space 344576K, 90% used [0x0000000080000000,0x000000009319d968,0x0000000095080000)
 Metaspace       used 23344K, capacity 23624K, committed 23936K, reserved 1071104K
  class space    used 2570K, capacity 2664K, committed 2688K, reserved 1048576K
}
Event: 60.339 GC heap before
{Heap before GC invocations=92 (full 5):
 PSYoungGen      total 674304K, used 660712K [0x00000000d5580000, 0x0000000100000000, 0x0000000100000000)
  eden space 648704K, 100% used [0x00000000d5580000,0x00000000fcf00000,0x00000000fcf00000)
  from space 25600K, 46% used [0x00000000fe700000,0x00000000ff2ba058,0x0000000100000000)
  to   space 24576K, 0% used [0x00000000fcf00000,0x00000000fcf00000,0x00000000fe700000)
 ParOldGen       total 344576K, used 312950K [0x0000000080000000, 0x0000000095080000, 0x00000000d5580000)
  object space 344576K, 90% used [0x0000000080000000,0x000000009319d968,0x0000000095080000)
 Metaspace       used 23344K, capacity 23624K, committed 23936K, reserved 1071104K
  class space    used 2570K, capacity 2664K, committed 2688K, reserved 1048576K
Event: 60.364 GC heap after
Heap after GC invocations=92 (full 5):
 PSYoungGen      total 669696K, used 20786K [0x00000000d5580000, 0x0000000100000000, 0x0000000100000000)
  eden space 648704K, 0% used [0x00000000d5580000,0x00000000d5580000,0x00000000fcf00000)
  from space 20992K, 99% used [0x00000000fcf00000,0x00000000fe34cb98,0x00000000fe380000)
  to   space 26112K, 0% used [0x00000000fe680000,0x00000000fe680000,0x0000000100000000)
 ParOldGen       total 344576K, used 312950K [0x0000000080000000, 0x0000000095080000, 0x00000000d5580000)
  object space 344576K, 90% used [0x0000000080000000,0x000000009319d968,0x0000000095080000)
 Metaspace       used 23344K, capacity 23624K, committed 23936K, reserved 1071104K
  class space    used 2570K, capacity 2664K, committed 2688K, reserved 1048576K
}
Event: 61.269 GC heap before
{Heap before GC invocations=93 (full 5):
 PSYoungGen      total 669696K, used 669490K [0x00000000d5580000, 0x0000000100000000, 0x0000000100000000)
  eden space 648704K, 100% used [0x00000000d5580000,0x00000000fcf00000,0x00000000fcf00000)
  from space 20992K, 99% used [0x00000000fcf00000,0x00000000fe34cb98,0x00000000fe380000)
  to   space 26112K, 0% used [0x00000000fe680000,0x00000000fe680000,0x0000000100000000)
 ParOldGen       total 344576K, used 312950K [0x0000000080000000, 0x0000000095080000, 0x00000000d5580000)
  object space 344576K, 90% used [0x0000000080000000,0x000000009319d968,0x0000000095080000)
 Metaspace       used 23344K, capacity 23624K, committed 23936K, reserved 1071104K
  class space    used 2570K, capacity 2664K, committed 2688K, reserved 1048576K
Event: 61.306 GC heap after
Heap after GC invocations=93 (full 5):
 PSYoungGen      total 664576K, used 26111K [0x00000000d5580000, 0x0000000100000000, 0x0000000100000000)
  eden space 638464K, 0% used [0x00000000d5580000,0x00000000d5580000,0x00000000fc500000)
  from space 26112K, 99% used [0x00000000fe680000,0x00000000fffffe40,0x0000000100000000)
  to   space 30208K, 0% used [0x00000000fc500000,0x00000000fc500000,0x00000000fe280000)
 ParOldGen       total 344576K, used 314758K [0x0000000080000000, 0x0000000095080000, 0x00000000d5580000)
  object space 344576K, 91% used [0x0000000080000000,0x0000000093361968,0x0000000095080000)
 Metaspace       used 23344K, capacity 23624K, committed 23936K, reserved 1071104K
  class space    used 2570K, capacity 2664K, committed 2688K, reserved 1048576K
}
Event: 62.157 GC heap before
{Heap before GC invocations=94 (full 5):
 PSYoungGen      total 664576K, used 664575K [0x00000000d5580000, 0x0000000100000000, 0x0000000100000000)
  eden space 638464K, 100% used [0x00000000d5580000,0x00000000fc500000,0x00000000fc500000)
  from space 26112K, 99% used [0x00000000fe680000,0x00000000fffffe40,0x0000000100000000)
  to   space 30208K, 0% used [0x00000000fc500000,0x00000000fc500000,0x00000000fe280000)
 ParOldGen       total 344576K, used 314758K [0x0000000080000000, 0x0000000095080000, 0x00000000d5580000)
  object space 344576K, 91% used [0x0000000080000000,0x0000000093361968,0x0000000095080000)
 Metaspace       used 23344K, capacity 23624K, committed 23936K, reserved 1071104K
  class space    used 2570K, capacity 2664K, committed 2688K, reserved 1048576K
Event: 62.206 GC heap after
Heap after GC invocations=94 (full 5):
 PSYoungGen      total 668672K, used 13567K [0x00000000d5580000, 0x0000000100000000, 0x0000000100000000)
  eden space 638464K, 0% used [0x00000000d5580000,0x00000000d5580000,0x00000000fc500000)
  from space 30208K, 44% used [0x00000000fc500000,0x00000000fd23fe80,0x00000000fe280000)
  to   space 29184K, 0% used [0x00000000fe380000,0x00000000fe380000,0x0000000100000000)
 ParOldGen       total 344576K, used 333662K [0x0000000080000000, 0x0000000095080000, 0x00000000d5580000)
  object space 344576K, 96% used [0x0000000080000000,0x00000000945d7978,0x0000000095080000)
 Metaspace       used 23344K, capacity 23624K, committed 23936K, reserved 1071104K
  class space    used 2570K, capacity 2664K, committed 2688K, reserved 1048576K
}
Event: 62.206 GC heap before
{Heap before GC invocations=95 (full 6):
 PSYoungGen      total 668672K, used 13567K [0x00000000d5580000, 0x0000000100000000, 0x0000000100000000)
  eden space 638464K, 0% used [0x00000000d5580000,0x00000000d5580000,0x00000000fc500000)
  from space 30208K, 44% used [0x00000000fc500000,0x00000000fd23fe80,0x00000000fe280000)
  to   space 29184K, 0% used [0x00000000fe380000,0x00000000fe380000,0x0000000100000000)
 ParOldGen       total 344576K, used 333662K [0x0000000080000000, 0x0000000095080000, 0x00000000d5580000)
  object space 344576K, 96% used [0x0000000080000000,0x00000000945d7978,0x0000000095080000)
 Metaspace       used 23344K, capacity 23624K, committed 23936K, reserved 1071104K
  class space    used 2570K, capacity 2664K, committed 2688K, reserved 1048576K
Event: 63.382 GC heap after
Heap after GC invocations=95 (full 6):
 PSYoungGen      total 668672K, used 0K [0x00000000d5580000, 0x0000000100000000, 0x0000000100000000)
  eden space 638464K, 0% used [0x00000000d5580000,0x00000000d5580000,0x00000000fc500000)
  from space 30208K, 0% used [0x00000000fc500000,0x00000000fc500000,0x00000000fe280000)
  to   space 29184K, 0% used [0x00000000fe380000,0x00000000fe380000,0x0000000100000000)
 ParOldGen       total 461824K, used 343421K [0x0000000080000000, 0x000000009c300000, 0x00000000d5580000)
  object space 461824K, 74% used [0x0000000080000000,0x0000000094f5f540,0x000000009c300000)
 Metaspace       used 23344K, capacity 23624K, committed 23936K, reserved 1071104K
  class space    used 2570K, capacity 2664K, committed 2688K, reserved 1048576K
}
Event: 64.189 GC heap before
{Heap before GC invocations=96 (full 6):
 PSYoungGen      total 668672K, used 638464K [0x00000000d5580000, 0x0000000100000000, 0x0000000100000000)
  eden space 638464K, 100% used [0x00000000d5580000,0x00000000fc500000,0x00000000fc500000)
  from space 30208K, 0% used [0x00000000fc500000,0x00000000fc500000,0x00000000fe280000)
  to   space 29184K, 0% used [0x00000000fe380000,0x00000000fe380000,0x0000000100000000)
 ParOldGen       total 461824K, used 343421K [0x0000000080000000, 0x000000009c300000, 0x00000000d5580000)
  object space 461824K, 74% used [0x0000000080000000,0x0000000094f5f540,0x000000009c300000)
 Metaspace       used 23344K, capacity 23624K, committed 23936K, reserved 1071104K
  class space    used 2570K, capacity 2664K, committed 2688K, reserved 1048576K
Event: 64.205 GC heap after
Heap after GC invocations=96 (full 6):
 PSYoungGen      total 667648K, used 5645K [0x00000000d5580000, 0x00000000fff00000, 0x0000000100000000)
  eden space 639488K, 0% used [0x00000000d5580000,0x00000000d5580000,0x00000000fc600000)
  from space 28160K, 20% used [0x00000000fe380000,0x00000000fe903758,0x00000000fff00000)
  to   space 29184K, 0% used [0x00000000fc600000,0x00000000fc600000,0x00000000fe280000)
 ParOldGen       total 461824K, used 343421K [0x0000000080000000, 0x000000009c300000, 0x00000000d5580000)
  object space 461824K, 74% used [0x0000000080000000,0x0000000094f5f540,0x000000009c300000)
 Metaspace       used 23344K, capacity 23624K, committed 23936K, reserved 1071104K
  class space    used 2570K, capacity 2664K, committed 2688K, reserved 1048576K
}
Event: 65.004 GC heap before
{Heap before GC invocations=97 (full 6):
 PSYoungGen      total 667648K, used 645133K [0x00000000d5580000, 0x00000000fff00000, 0x0000000100000000)
  eden space 639488K, 100% used [0x00000000d5580000,0x00000000fc600000,0x00000000fc600000)
  from space 28160K, 20% used [0x00000000fe380000,0x00000000fe903758,0x00000000fff00000)
  to   space 29184K, 0% used [0x00000000fc600000,0x00000000fc600000,0x00000000fe280000)
 ParOldGen       total 461824K, used 343421K [0x0000000080000000, 0x000000009c300000, 0x00000000d5580000)
  object space 461824K, 74% used [0x0000000080000000,0x0000000094f5f540,0x000000009c300000)
 Metaspace       used 23344K, capacity 23624K, committed 23936K, reserved 1071104K
  class space    used 2570K, capacity 2664K, committed 2688K, reserved 1048576K
Event: 65.018 GC heap after
Heap after GC invocations=97 (full 6):
 PSYoungGen      total 668672K, used 10678K [0x00000000d5580000, 0x00000000fff00000, 0x0000000100000000)
  eden space 639488K, 0% used [0x00000000d5580000,0x00000000d5580000,0x00000000fc600000)
  from space 29184K, 36% used [0x00000000fc600000,0x00000000fd06db28,0x00000000fe280000)
  to   space 28160K, 0% used [0x00000000fe380000,0x00000000fe380000,0x00000000fff00000)
 ParOldGen       total 461824K, used 343421K [0x0000000080000000, 0x000000009c300000, 0x00000000d5580000)
  object space 461824K, 74% used [0x0000000080000000,0x0000000094f5f540,0x000000009c300000)
 Metaspace       used 23344K, capacity 23624K, committed 23936K, reserved 1071104K
  class space    used 2570K, capacity 2664K, committed 2688K, reserved 1048576K
}
Event: 65.820 GC heap before
{Heap before GC invocations=98 (full 6):
 PSYoungGen      total 668672K, used 650166K [0x00000000d5580000, 0x00000000fff00000, 0x0000000100000000)
  eden space 639488K, 100% used [0x00000000d5580000,0x00000000fc600000,0x00000000fc600000)
  from space 29184K, 36% used [0x00000000fc600000,0x00000000fd06db28,0x00000000fe280000)
  to   space 28160K, 0% used [0x00000000fe380000,0x00000000fe380000,0x00000000fff00000)
 ParOldGen       total 461824K, used 343421K [0x0000000080000000, 0x000000009c300000, 0x00000000d5580000)
  object space 461824K, 74% used [0x0000000080000000,0x0000000094f5f540,0x000000009c300000)
 Metaspace       used 23344K, capacity 23624K, committed 23936K, reserved 1071104K
  class space    used 2570K, capacity 2664K, committed 2688K, reserved 1048576K
Event: 65.835 GC heap after
Heap after GC invocations=98 (full 6):
 PSYoungGen      total 668672K, used 15384K [0x00000000d5580000, 0x00000000ffe00000, 0x0000000100000000)
  eden space 641536K, 0% used [0x00000000d5580000,0x00000000d5580000,0x00000000fc800000)
  from space 27136K, 56% used [0x00000000fe380000,0x00000000ff2862b0,0x00000000ffe00000)
  to   space 27648K, 0% used [0x00000000fc800000,0x00000000fc800000,0x00000000fe300000)
 ParOldGen       total 461824K, used 343421K [0x0000000080000000, 0x000000009c300000, 0x00000000d5580000)
  object space 461824K, 74% used [0x0000000080000000,0x0000000094f5f540,0x000000009c300000)
 Metaspace       used 23344K, capacity 23624K, committed 23936K, reserved 1071104K
  class space    used 2570K, capacity 2664K, committed 2688K, reserved 1048576K
}
Event: 66.567 GC heap before
{Heap before GC invocations=99 (full 6):
 PSYoungGen      total 668672K, used 656920K [0x00000000d5580000, 0x00000000ffe00000, 0x0000000100000000)
  eden space 641536K, 100% used [0x00000000d5580000,0x00000000fc800000,0x00000000fc800000)
  from space 27136K, 56% used [0x00000000fe380000,0x00000000ff2862b0,0x00000000ffe00000)
  to   space 27648K, 0% used [0x00000000fc800000,0x00000000fc800000,0x00000000fe300000)
 ParOldGen       total 461824K, used 343421K [0x0000000080000000, 0x000000009c300000, 0x00000000d5580000)
  object space 461824K, 74% used [0x0000000080000000,0x0000000094f5f540,0x000000009c300000)
 Metaspace       used 23344K, capacity 23624K, committed 23936K, reserved 1071104K
  class space    used 2570K, capacity 2664K, committed 2688K, reserved 1048576K
Event: 66.587 GC heap after
Heap after GC invocations=99 (full 6):
 PSYoungGen      total 669184K, used 19686K [0x00000000d5580000, 0x0000000100000000, 0x0000000100000000)
  eden space 641536K, 0% used [0x00000000d5580000,0x00000000d5580000,0x00000000fc800000)
  from space 27648K, 71% used [0x00000000fc800000,0x00000000fdb39ba8,0x00000000fe300000)
  to   space 28160K, 0% used [0x00000000fe480000,0x00000000fe480000,0x0000000100000000)
 ParOldGen       total 461824K, used 343421K [0x0000000080000000, 0x000000009c300000, 0x00000000d5580000)
  object space 461824K, 74% used [0x0000000080000000,0x0000000094f5f540,0x000000009c300000)
 Metaspace       used 23344K, capacity 23624K, committed 23936K, reserved 1071104K
  class space    used 2570K, capacity 2664K, committed 2688K, reserved 1048576K
}
Event: 67.477 GC heap before
{Heap before GC invocations=100 (full 6):
 PSYoungGen      total 669184K, used 661222K [0x00000000d5580000, 0x0000000100000000, 0x0000000100000000)
  eden space 641536K, 100% used [0x00000000d5580000,0x00000000fc800000,0x00000000fc800000)
  from space 27648K, 71% used [0x00000000fc800000,0x00000000fdb39ba8,0x00000000fe300000)
  to   space 28160K, 0% used [0x00000000fe480000,0x00000000fe480000,0x0000000100000000)
 ParOldGen       total 461824K, used 343421K [0x0000000080000000, 0x000000009c300000, 0x00000000d5580000)
  object space 461824K, 74% used [0x0000000080000000,0x0000000094f5f540,0x000000009c300000)
 Metaspace       used 23344K, capacity 23624K, committed 23936K, reserved 1071104K
  class space    used 2570K, capacity 2664K, committed 2688K, reserved 1048576K
Event: 67.512 GC heap after
Heap after GC invocations=100 (full 6):
 PSYoungGen      total 665600K, used 24167K [0x00000000d5580000, 0x0000000100000000, 0x0000000100000000)
  eden space 637440K, 0% used [0x00000000d5580000,0x00000000d5580000,0x00000000fc400000)
  from space 28160K, 85% used [0x00000000fe480000,0x00000000ffc19e58,0x0000000100000000)
  to   space 30720K, 0% used [0x00000000fc400000,0x00000000fc400000,0x00000000fe200000)
 ParOldGen       total 461824K, used 343421K [0x0000000080000000, 0x000000009c300000, 0x00000000d5580000)
  object space 461824K, 74% used [0x0000000080000000,0x0000000094f5f540,0x000000009c300000)
 Metaspace       used 23344K, capacity 23624K, committed 23936K, reserved 1071104K
  class space    used 2570K, capacity 2664K, committed 2688K, reserved 1048576K
}
Event: 68.566 GC heap before
{Heap before GC invocations=101 (full 6):
 PSYoungGen      total 665600K, used 661607K [0x00000000d5580000, 0x0000000100000000, 0x0000000100000000)
  eden space 637440K, 100% used [0x00000000d5580000,0x00000000fc400000,0x00000000fc400000)
  from space 28160K, 85% used [0x00000000fe480000,0x00000000ffc19e58,0x0000000100000000)
  to   space 30720K, 0% used [0x00000000fc400000,0x00000000fc400000,0x00000000fe200000)
 ParOldGen       total 461824K, used 343421K [0x0000000080000000, 0x000000009c300000, 0x00000000d5580000)
  object space 461824K, 74% used [0x0000000080000000,0x0000000094f5f540,0x000000009c300000)
 Metaspace       used 23344K, capacity 23624K, committed 23936K, reserved 1071104K
  class space    used 2570K, capacity 2664K, committed 2688K, reserved 1048576K
Event: 68.598 GC heap after
Heap after GC invocations=101 (full 6):
 PSYoungGen      total 665600K, used 27987K [0x00000000d5580000, 0x0000000100000000, 0x0000000100000000)
  eden space 637440K, 0% used [0x00000000d5580000,0x00000000d5580000,0x00000000fc400000)
  from space 28160K, 99% used [0x00000000fc400000,0x00000000fdf54cb8,0x00000000fdf80000)
  to   space 33280K, 0% used [0x00000000fdf80000,0x00000000fdf80000,0x0000000100000000)
 ParOldGen       total 461824K, used 343421K [0x0000000080000000, 0x000000009c300000, 0x00000000d5580000)
  object space 461824K, 74% used [0x0000000080000000,0x0000000094f5f540,0x000000009c300000)
 Metaspace       used 23344K, capacity 23624K, committed 23936K, reserved 1071104K
  class space    used 2570K, capacity 2664K, committed 2688K, reserved 1048576K
}
Event: 70.263 GC heap before
{Heap before GC invocations=102 (full 6):
 PSYoungGen      total 665600K, used 665427K [0x00000000d5580000, 0x0000000100000000, 0x0000000100000000)
  eden space 637440K, 100% used [0x00000000d5580000,0x00000000fc400000,0x00000000fc400000)
  from space 28160K, 99% used [0x00000000fc400000,0x00000000fdf54cb8,0x00000000fdf80000)
  to   space 33280K, 0% used [0x00000000fdf80000,0x00000000fdf80000,0x0000000100000000)
 ParOldGen       total 461824K, used 343421K [0x0000000080000000, 0x000000009c300000, 0x00000000d5580000)
  object space 461824K, 74% used [0x0000000080000000,0x0000000094f5f540,0x000000009c300000)
 Metaspace       used 23346K, capacity 23624K, committed 23936K, reserved 1071104K
  class space    used 2571K, capacity 2664K, committed 2688K, reserved 1048576K
Event: 70.301 GC heap after
Heap after GC invocations=102 (full 6):
 PSYoungGen      total 656384K, used 31477K [0x00000000d5580000, 0x0000000100000000, 0x0000000100000000)
  eden space 623104K, 0% used [0x00000000d5580000,0x00000000d5580000,0x00000000fb600000)
  from space 33280K, 94% used [0x00000000fdf80000,0x00000000ffe3d468,0x0000000100000000)
  to   space 37888K, 0% used [0x00000000fb600000,0x00000000fb600000,0x00000000fdb00000)
 ParOldGen       total 461824K, used 343421K [0x0000000080000000, 0x000000009c300000, 0x00000000d5580000)
  object space 461824K, 74% used [0x0000000080000000,0x0000000094f5f540,0x000000009c300000)
 Metaspace       used 23346K, capacity 23624K, committed 23936K, reserved 1071104K
  class space    used 2571K, capacity 2664K, committed 2688K, reserved 1048576K
}
Event: 72.254 GC heap before
{Heap before GC invocations=103 (full 6):
 PSYoungGen      total 656384K, used 654581K [0x00000000d5580000, 0x0000000100000000, 0x0000000100000000)
  eden space 623104K, 100% used [0x00000000d5580000,0x00000000fb600000,0x00000000fb600000)
  from space 33280K, 94% used [0x00000000fdf80000,0x00000000ffe3d468,0x0000000100000000)
  to   space 37888K, 0% used [0x00000000fb600000,0x00000000fb600000,0x00000000fdb00000)
 ParOldGen       total 461824K, used 343421K [0x0000000080000000, 0x000000009c300000, 0x00000000d5580000)
  object space 461824K, 74% used [0x0000000080000000,0x0000000094f5f540,0x000000009c300000)
 Metaspace       used 23346K, capacity 23624K, committed 23936K, reserved 1071104K
  class space    used 2571K, capacity 2664K, committed 2688K, reserved 1048576K
Event: 72.295 GC heap after
Heap after GC invocations=103 (full 6):
 PSYoungGen      total 658432K, used 34918K [0x00000000d5580000, 0x0000000100000000, 0x0000000100000000)
  eden space 623104K, 0% used [0x00000000d5580000,0x00000000d5580000,0x00000000fb600000)
  from space 35328K, 98% used [0x00000000fb600000,0x00000000fd819848,0x00000000fd880000)
  to   space 40448K, 0% used [0x00000000fd880000,0x00000000fd880000,0x0000000100000000)
 ParOldGen       total 461824K, used 343421K [0x0000000080000000, 0x000000009c300000, 0x00000000d5580000)
  object space 461824K, 74% used [0x0000000080000000,0x0000000094f5f540,0x000000009c300000)
 Metaspace       used 23346K, capacity 23624K, committed 23936K, reserved 1071104K
  class space    used 2571K, capacity 2664K, committed 2688K, reserved 1048576K
}

