<?xml version="1.0" encoding="UTF-8"?>
<testsuite xmlns:xsi="http://www.w3.org/2001/XMLSchema-instance" xsi:noNamespaceSchemaLocation="https://maven.apache.org/surefire/maven-surefire-plugin/xsd/surefire-test-report.xsd" version="3.0.2" name="com.example.AutomationJavaUtility.SpringFvuAppApplicationTests" time="4.172" tests="1" errors="0" skipped="0" failures="0">
  <properties>
[...]
</properties>
  <testcase name="contextLoads" classname="com.example.AutomationJavaUtility.SpringFvuAppApplicationTests" time="0.853">
    <system-out><![CDATA[12:47:52.373 [main] INFO org.springframework.test.context.support.AnnotationConfigContextLoaderUtils -- Could not detect default configuration classes for test class [com.example.AutomationJavaUtility.SpringFvuAppApplicationTests]: SpringFvuAppApplicationTests does not declare any static, non-private, non-final, nested classes annotated with @Configuration.
12:47:52.526 [main] INFO org.springframework.boot.test.context.SpringBootTestContextBootstrapper -- Found @SpringBootConfiguration com.example.AutomationJavaUtility.SpringFvuAppApplication for test class com.example.AutomationJavaUtility.SpringFvuAppApplicationTests
12:47:52.793 [main] INFO org.springframework.boot.devtools.restart.RestartApplicationListener -- Restart disabled due to context in which it is running

  .   ____          _            __ _ _
 /\\ / ___'_ __ _ _(_)_ __  __ _ \ \ \ \
( ( )\___ | '_ | '_| | '_ \/ _` | \ \ \ \
 \\/  ___)| |_)| | | | | || (_| |  ) ) ) )
  '  |____| .__|_| |_|_| |_\__, | / / / /
 =========|_|==============|___/=/_/_/_/

 :: Spring Boot ::                (v3.5.5)

2025-10-08 12:47:53 INFO  [main] c.e.A.SpringFvuAppApplicationTests - Starting SpringFvuAppApplicationTests using Java 17.0.16 with PID 2520 (started by vshrama in C:\Users\vshrama\Documents\UtilitySetupForDeployment\Prod-Spring-fvu-app)
2025-10-08 12:47:53 INFO  [main] c.e.A.SpringFvuAppApplicationTests - No active profile set, falling back to 1 default profile: "default"
2025-10-08 12:47:54 INFO  [main] c.e.A.Service.FvuService - S3 client initialized successfully for region ap-south-1
2025-10-08 12:47:54 INFO  [main] c.e.A.Service.FvuService - Initialized semaphore with 5 max concurrent slots
2025-10-08 12:47:55 INFO  [main] c.e.A.SpringFvuAppApplicationTests - Started SpringFvuAppApplicationTests in 2.683 seconds (process running for 3.919)
]]></system-out>
  </testcase>
</testsuite>