<?xml version="1.0" encoding="UTF-8"?>
<testsuite xmlns:xsi="http://www.w3.org/2001/XMLSchema-instance" xsi:noNamespaceSchemaLocation="https://maven.apache.org/surefire/maven-surefire-plugin/xsd/surefire-test-report.xsd" version="3.0.2" name="com.example.AutomationJavaUtility.SpringFvuAppApplicationTests" time="6.447" tests="1" errors="0" skipped="0" failures="0">
  <properties>
[...]
</properties>
  <testcase name="contextLoads" classname="com.example.AutomationJavaUtility.SpringFvuAppApplicationTests" time="0.99">
    <system-out><![CDATA[17:39:20.637 [main] INFO org.springframework.test.context.support.AnnotationConfigContextLoaderUtils -- Could not detect default configuration classes for test class [com.example.AutomationJavaUtility.SpringFvuAppApplicationTests]: SpringFvuAppApplicationTests does not declare any static, non-private, non-final, nested classes annotated with @Configuration.
17:39:20.808 [main] INFO org.springframework.boot.test.context.SpringBootTestContextBootstrapper -- Found @SpringBootConfiguration com.example.AutomationJavaUtility.SpringFvuAppApplication for test class com.example.AutomationJavaUtility.SpringFvuAppApplicationTests
17:39:21.136 [main] INFO org.springframework.boot.devtools.restart.RestartApplicationListener -- Restart disabled due to context in which it is running

  .   ____          _            __ _ _
 /\\ / ___'_ __ _ _(_)_ __  __ _ \ \ \ \
( ( )\___ | '_ | '_| | '_ \/ _` | \ \ \ \
 \\/  ___)| |_)| | | | | || (_| |  ) ) ) )
  '  |____| .__|_| |_|_| |_\__, | / / / /
 =========|_|==============|___/=/_/_/_/

 :: Spring Boot ::                (v3.5.5)

2026-03-06 17:39:21 INFO  [main] c.e.A.SpringFvuAppApplicationTests - Starting SpringFvuAppApplicationTests using Java 17.0.16 with PID 19092 (started by vshrama in C:\Users\vshrama\Documents\FVU-PROD\Prod-Spring-fvu-app-final.zip_expanded\Prod-Spring-fvu-app)
2026-03-06 17:39:21 INFO  [main] c.e.A.SpringFvuAppApplicationTests - No active profile set, falling back to 1 default profile: "default"
2026-03-06 17:39:22 INFO  [main] o.s.d.r.c.RepositoryConfigurationDelegate - Multiple Spring Data modules found, entering strict repository configuration mode
2026-03-06 17:39:22 INFO  [main] o.s.d.r.c.RepositoryConfigurationDelegate - Bootstrapping Spring Data Redis repositories in DEFAULT mode.
2026-03-06 17:39:22 INFO  [main] o.s.d.r.c.RepositoryConfigurationDelegate - Finished Spring Data repository scanning in 24 ms. Found 0 Redis repository interfaces.
2026-03-06 17:39:24 INFO  [main] c.e.A.Service.FvuService - Storage client initialized successfully.
2026-03-06 17:39:25 INFO  [main] c.e.A.Service.FvuService - Initialized semaphore with 5 max concurrent slots
2026-03-06 17:39:25 INFO  [main] c.e.A.SpringFvuAppApplicationTests - Started SpringFvuAppApplicationTests in 4.749 seconds (process running for 6.196)
]]></system-out>
  </testcase>
</testsuite>